2024-09-03 22:46:00,471 - INFO - Sifted script started.
2024-09-03 22:46:02,299 - INFO - Successfully fetched data from URL.
2024-09-03 22:46:02,300 - INFO - Search phrase found and content trimmed.
2024-09-03 22:46:02,307 - INFO - No existing CSV file found. Creating new CSV.
2024-09-03 22:46:02,310 - INFO - Data saved to databases/sifted.csv
2024-09-03 22:46:02,310 - INFO - Sifted script completed.
2024-09-04 16:23:41,200 - INFO - Sifted script started.
2024-09-04 16:23:44,845 - INFO - Successfully fetched data from URL.
2024-09-04 16:23:44,846 - INFO - Search phrase found and content trimmed.
2024-09-04 16:23:44,850 - INFO - Existing CSV file loaded.
2024-09-04 16:23:44,853 - INFO - Data saved to databases/sifted.csv
2024-09-04 16:23:44,853 - INFO - Sifted script completed.
2024-09-04 20:11:18,814 - INFO - Sifted script started.
2024-09-04 20:11:22,242 - INFO - Successfully fetched data from URL.
2024-09-04 20:11:22,242 - WARNING - Search phrase not found. Using original content.
2024-09-04 20:11:22,246 - INFO - Existing CSV file loaded.
2024-09-04 20:11:22,249 - INFO - Data saved to databases/sifted.csv
2024-09-04 20:11:22,249 - INFO - Sifted script completed.
2024-09-04 22:09:33,041 - INFO - Sifted script started.
2024-09-04 22:09:35,770 - INFO - Successfully fetched data from URL.
2024-09-04 22:09:35,770 - WARNING - Search phrase not found. Using original content.
2024-09-04 22:09:35,775 - INFO - Existing CSV file loaded.
2024-09-04 22:09:35,778 - INFO - Data saved to databases/sifted.csv
2024-09-04 22:09:35,778 - INFO - Sifted script completed.
2024-09-05 02:43:41,954 - INFO - Sifted script started.
2024-09-05 02:43:43,965 - INFO - Successfully fetched data from URL.
2024-09-05 02:43:43,965 - INFO - Search phrase found and content trimmed.
2024-09-05 02:43:43,969 - INFO - Existing CSV file loaded.
2024-09-05 02:43:43,972 - INFO - Data saved to databases/sifted.csv
2024-09-05 02:43:43,972 - INFO - Sifted script completed.
2024-09-05 04:12:56,364 - INFO - Sifted script started.
2024-09-05 04:12:58,716 - INFO - Successfully fetched data from URL.
2024-09-05 04:12:58,716 - WARNING - Search phrase not found. Using original content.
2024-09-05 04:12:58,721 - INFO - Existing CSV file loaded.
2024-09-05 04:12:58,723 - INFO - Data saved to databases/sifted.csv
2024-09-05 04:12:58,723 - INFO - Sifted script completed.
2024-09-05 06:14:44,009 - INFO - Sifted script started.
2024-09-05 06:14:45,993 - INFO - Successfully fetched data from URL.
2024-09-05 06:14:45,993 - WARNING - Search phrase not found. Using original content.
2024-09-05 06:14:45,997 - INFO - Existing CSV file loaded.
2024-09-05 06:14:46,000 - INFO - Data saved to databases/sifted.csv
2024-09-05 06:14:46,000 - INFO - Sifted script completed.
2024-09-05 08:13:58,817 - INFO - Sifted script started.
2024-09-05 08:14:03,336 - INFO - Successfully fetched data from URL.
2024-09-05 08:14:03,336 - INFO - Search phrase found and content trimmed.
2024-09-05 08:14:03,341 - INFO - Existing CSV file loaded.
2024-09-05 08:14:03,343 - INFO - Data saved to databases/sifted.csv
2024-09-05 08:14:03,343 - INFO - Sifted script completed.
2024-09-05 10:11:26,477 - INFO - Sifted script started.
2024-09-05 10:11:31,079 - INFO - Successfully fetched data from URL.
2024-09-05 10:11:31,079 - WARNING - Search phrase not found. Using original content.
2024-09-05 10:11:31,083 - INFO - Existing CSV file loaded.
2024-09-05 10:11:31,085 - INFO - Data saved to databases/sifted.csv
2024-09-05 10:11:31,085 - INFO - Sifted script completed.
2024-09-05 12:19:27,596 - INFO - Sifted script started.
2024-09-05 12:19:32,061 - INFO - Successfully fetched data from URL.
2024-09-05 12:19:32,061 - WARNING - Search phrase not found. Using original content.
2024-09-05 12:19:32,065 - INFO - Existing CSV file loaded.
2024-09-05 12:19:32,068 - INFO - Data saved to databases/sifted.csv
2024-09-05 12:19:32,068 - INFO - Sifted script completed.
2024-09-05 14:09:53,341 - INFO - Sifted script started.
2024-09-05 14:09:55,199 - INFO - Successfully fetched data from URL.
2024-09-05 14:09:55,199 - WARNING - Search phrase not found. Using original content.
2024-09-05 14:09:55,203 - INFO - Existing CSV file loaded.
2024-09-05 14:09:55,206 - INFO - Data saved to databases/sifted.csv
2024-09-05 14:09:55,206 - INFO - Sifted script completed.
2024-09-05 16:12:53,324 - INFO - Sifted script started.
2024-09-05 16:12:55,825 - INFO - Successfully fetched data from URL.
2024-09-05 16:12:55,825 - WARNING - Search phrase not found. Using original content.
2024-09-05 16:12:55,829 - INFO - Existing CSV file loaded.
2024-09-05 16:12:55,831 - INFO - Data saved to databases/sifted.csv
2024-09-05 16:12:55,832 - INFO - Sifted script completed.
2024-09-05 18:12:50,470 - INFO - Sifted script started.
2024-09-05 18:12:53,693 - INFO - Successfully fetched data from URL.
2024-09-05 18:12:53,693 - WARNING - Search phrase not found. Using original content.
2024-09-05 18:12:53,698 - INFO - Existing CSV file loaded.
2024-09-05 18:12:53,700 - INFO - Data saved to databases/sifted.csv
2024-09-05 18:12:53,700 - INFO - Sifted script completed.
2024-09-05 20:11:22,785 - INFO - Sifted script started.
2024-09-05 20:11:25,304 - INFO - Successfully fetched data from URL.
2024-09-05 20:11:25,304 - WARNING - Search phrase not found. Using original content.
2024-09-05 20:11:25,308 - INFO - Existing CSV file loaded.
2024-09-05 20:11:25,311 - INFO - Data saved to databases/sifted.csv
2024-09-05 20:11:25,311 - INFO - Sifted script completed.
2024-09-05 22:09:38,719 - INFO - Sifted script started.
2024-09-05 22:09:41,564 - INFO - Successfully fetched data from URL.
2024-09-05 22:09:41,564 - WARNING - Search phrase not found. Using original content.
2024-09-05 22:09:41,568 - INFO - Existing CSV file loaded.
2024-09-05 22:09:41,571 - INFO - Data saved to databases/sifted.csv
2024-09-05 22:09:41,571 - INFO - Sifted script completed.
2024-09-06 00:47:15,736 - INFO - Sifted script started.
2024-09-06 00:48:17,285 - INFO - Successfully fetched data from URL.
2024-09-06 00:48:17,285 - WARNING - Search phrase not found. Using original content.
2024-09-06 00:48:17,290 - INFO - Existing CSV file loaded.
2024-09-06 00:48:17,292 - INFO - Data saved to databases/sifted.csv
2024-09-06 00:48:17,292 - INFO - Sifted script completed.
2024-09-06 02:38:11,875 - INFO - Sifted script started.
2024-09-06 02:38:16,730 - INFO - Successfully fetched data from URL.
2024-09-06 02:38:16,730 - WARNING - Search phrase not found. Using original content.
2024-09-06 02:38:16,735 - INFO - Existing CSV file loaded.
2024-09-06 02:38:16,738 - INFO - Data saved to databases/sifted.csv
2024-09-06 02:38:16,738 - INFO - Sifted script completed.
