2024-09-25 09:39:30,635 - INFO - Starting scrape for https://www.digitalhealth.net/news/
2024-09-25 09:39:30,747 - INFO - Processed item: ‘Two-factor authentication may have stopped Synnovis cyber attack’ - 2024-09-25 08:30:00
2024-09-25 09:39:30,748 - INFO - Processed item: Prescription tracking feature launched on the NHS App - 2024-09-24 14:22:00
2024-09-25 09:39:30,748 - INFO - Processed item: Digital Health Coffee Time Briefing ☕ - 2024-09-24 11:30:00
2024-09-25 09:39:30,748 - INFO - Processed item: One in five GPs using AI tools in clinical practice, finds BMJ survey - 2024-09-24 11:00:00
2024-09-25 09:39:30,749 - INFO - Processed item: Southern Health launches EPS for outpatient community services - 2024-09-24 08:30:00
2024-09-25 09:39:30,749 - INFO - Processed item: Dartford and Gravesham goes live with Better Meds ePMA - 2024-09-23 13:30:00
2024-09-25 09:39:30,749 - INFO - Processed item: More than half of acute trusts signed up to the NHS FDP - 2024-09-23 11:00:00
2024-09-25 09:39:30,750 - INFO - Total items processed: 7
2024-09-25 09:39:30,755 - INFO - Data saved to databases/digital_health_news.csv. Total items: 7.
2024-09-25 09:39:30,755 - INFO - Scraping completed.
2024-09-25 09:41:15,676 - INFO - Starting scrape for https://www.digitalhealth.net/news/
2024-09-25 09:41:15,790 - INFO - Processed item: ‘Two-factor authentication may have stopped Synnovis cyber attack’ - 2024-09-25 08:30:00
2024-09-25 09:41:15,790 - INFO - Processed item: Prescription tracking feature launched on the NHS App - 2024-09-24 14:22:00
2024-09-25 09:41:15,791 - INFO - Processed item: Digital Health Coffee Time Briefing ☕ - 2024-09-24 11:30:00
2024-09-25 09:41:15,791 - INFO - Processed item: One in five GPs using AI tools in clinical practice, finds BMJ survey - 2024-09-24 11:00:00
2024-09-25 09:41:15,791 - INFO - Processed item: Southern Health launches EPS for outpatient community services - 2024-09-24 08:30:00
2024-09-25 09:41:15,792 - INFO - Processed item: Dartford and Gravesham goes live with Better Meds ePMA - 2024-09-23 13:30:00
2024-09-25 09:41:15,792 - INFO - Processed item: More than half of acute trusts signed up to the NHS FDP - 2024-09-23 11:00:00
2024-09-25 09:41:15,793 - INFO - Total items processed: 7
2024-09-25 09:41:15,799 - INFO - Data saved to databases/digital_health_news.csv. Total items: 7.
2024-09-25 09:41:15,800 - INFO - Scraping completed.
2024-09-25 09:41:34,543 - INFO - Starting scrape for https://www.digitalhealth.net/news/
2024-09-25 09:41:34,644 - INFO - Processed item: ‘Two-factor authentication may have stopped Synnovis cyber attack’ - 2024-09-25 08:30:00
2024-09-25 09:41:34,645 - INFO - Processed item: Prescription tracking feature launched on the NHS App - 2024-09-24 14:22:00
2024-09-25 09:41:34,645 - INFO - Processed item: Digital Health Coffee Time Briefing ☕ - 2024-09-24 11:30:00
2024-09-25 09:41:34,645 - INFO - Processed item: One in five GPs using AI tools in clinical practice, finds BMJ survey - 2024-09-24 11:00:00
2024-09-25 09:41:34,646 - INFO - Processed item: Southern Health launches EPS for outpatient community services - 2024-09-24 08:30:00
2024-09-25 09:41:34,646 - INFO - Processed item: Dartford and Gravesham goes live with Better Meds ePMA - 2024-09-23 13:30:00
2024-09-25 09:41:34,646 - INFO - Processed item: More than half of acute trusts signed up to the NHS FDP - 2024-09-23 11:00:00
2024-09-25 09:41:34,647 - INFO - Total items processed: 7
2024-09-25 09:41:34,655 - INFO - Data saved to databases/digital_health_news.csv. Total items: 7.
2024-09-25 09:41:34,655 - INFO - Scraping completed.
2024-09-25 09:41:41,323 - INFO - Starting scrape for https://www.digitalhealth.net/news/
2024-09-25 09:41:41,421 - INFO - Processed item: ‘Two-factor authentication may have stopped Synnovis cyber attack’ - 2024-09-25 08:30:00
2024-09-25 09:41:41,422 - INFO - Processed item: Prescription tracking feature launched on the NHS App - 2024-09-24 14:22:00
2024-09-25 09:41:41,422 - INFO - Processed item: Digital Health Coffee Time Briefing ☕ - 2024-09-24 11:30:00
2024-09-25 09:41:41,423 - INFO - Processed item: One in five GPs using AI tools in clinical practice, finds BMJ survey - 2024-09-24 11:00:00
2024-09-25 09:41:41,423 - INFO - Processed item: Southern Health launches EPS for outpatient community services - 2024-09-24 08:30:00
2024-09-25 09:41:41,423 - INFO - Processed item: Dartford and Gravesham goes live with Better Meds ePMA - 2024-09-23 13:30:00
2024-09-25 09:41:41,424 - INFO - Processed item: More than half of acute trusts signed up to the NHS FDP - 2024-09-23 11:00:00
2024-09-25 09:41:41,424 - INFO - Total items processed: 7
2024-09-25 09:41:41,431 - INFO - Data saved to databases/digital_health_news.csv. Total items: 7.
2024-09-25 09:41:41,431 - INFO - Scraping completed.
2024-09-26 10:30:54,194 - INFO - Starting scrape for https://www.digitalhealth.net/news/
2024-09-26 10:30:54,897 - INFO - Processed item: NHSE commissions rapid review of acute trusts’ EPR plans - 2024-09-26 11:00:00
2024-09-26 10:30:54,897 - INFO - Processed item: Cohort announced for sixth Propel@YH accelerator programme - 2024-09-26 08:30:00
2024-09-26 10:30:54,898 - INFO - Processed item: Royal National Orthopaedic Hospital to roll out Epic EHR in 2025 - 2024-09-25 13:30:00
2024-09-26 10:30:54,898 - INFO - Processed item: PharmacyX tests electronic prescription software for use in Wales - 2024-09-25 11:00:00
2024-09-26 10:30:54,899 - INFO - Processed item: ‘Two-factor authentication may have stopped Synnovis cyber attack’ - 2024-09-25 08:30:00
2024-09-26 10:30:54,899 - INFO - Processed item: Prescription tracking feature launched on the NHS App - 2024-09-24 14:22:00
2024-09-26 10:30:54,899 - INFO - Processed item: Digital Health Coffee Time Briefing ☕ - 2024-09-24 11:30:00
2024-09-26 10:30:54,900 - INFO - Total items processed: 7
2024-09-26 10:30:54,907 - INFO - Data saved to databases/digital_health_news.csv. Total items: 11.
2024-09-26 10:30:54,908 - INFO - Scraping completed.
2024-09-26 10:44:08,956 - INFO - Starting scrape for https://www.digitalhealth.net/news/
2024-09-26 10:44:09,403 - INFO - Processed item: Digital Health Coffee Time Briefing ☕ - 2024-09-26 11:30:00
2024-09-26 10:44:09,404 - INFO - Processed item: NHSE commissions rapid review of acute trusts’ EPR plans - 2024-09-26 11:00:00
2024-09-26 10:44:09,404 - INFO - Processed item: Cohort announced for sixth Propel@YH accelerator programme - 2024-09-26 08:30:00
2024-09-26 10:44:09,405 - INFO - Processed item: Royal National Orthopaedic Hospital to roll out Epic EHR in 2025 - 2024-09-25 13:30:00
2024-09-26 10:44:09,405 - INFO - Processed item: PharmacyX tests electronic prescription software for use in Wales - 2024-09-25 11:00:00
2024-09-26 10:44:09,406 - INFO - Processed item: ‘Two-factor authentication may have stopped Synnovis cyber attack’ - 2024-09-25 08:30:00
2024-09-26 10:44:09,406 - INFO - Processed item: Prescription tracking feature launched on the NHS App - 2024-09-24 14:22:00
2024-09-26 10:44:09,407 - INFO - Total items processed: 7
2024-09-26 10:44:09,414 - INFO - Data saved to databases/digital_health_news.csv. Total items: 12.
2024-09-26 10:44:09,414 - INFO - Scraping completed.
2024-09-26 10:57:07,375 - INFO - Starting scrape for https://www.digitalhealth.net/news/
2024-09-26 10:57:07,852 - INFO - Processed item: Digital Health Coffee Time Briefing ☕ - 2024-09-26 11:30:00
2024-09-26 10:57:07,853 - INFO - Processed item: NHSE commissions rapid review of acute trusts’ EPR plans - 2024-09-26 11:00:00
2024-09-26 10:57:07,853 - INFO - Processed item: Cohort announced for sixth Propel@YH accelerator programme - 2024-09-26 08:30:00
2024-09-26 10:57:07,854 - INFO - Processed item: Royal National Orthopaedic Hospital to roll out Epic EHR in 2025 - 2024-09-25 13:30:00
2024-09-26 10:57:07,854 - INFO - Processed item: PharmacyX tests electronic prescription software for use in Wales - 2024-09-25 11:00:00
2024-09-26 10:57:07,854 - INFO - Processed item: ‘Two-factor authentication may have stopped Synnovis cyber attack’ - 2024-09-25 08:30:00
2024-09-26 10:57:07,855 - INFO - Processed item: Prescription tracking feature launched on the NHS App - 2024-09-24 14:22:00
2024-09-26 10:57:07,856 - INFO - Total items processed: 7
2024-09-26 10:57:07,864 - INFO - Data saved to databases/digital_health_news.csv. Total items: 12.
2024-09-26 10:57:07,865 - INFO - Scraping completed.
2024-09-26 11:20:38,398 - INFO - Starting scrape for https://www.digitalhealth.net/news/
2024-09-26 11:20:38,892 - INFO - Processed item: Digital Health Coffee Time Briefing ☕ - 2024-09-26 11:30:00
2024-09-26 11:20:38,893 - INFO - Processed item: NHSE commissions rapid review of acute trusts’ EPR plans - 2024-09-26 11:00:00
2024-09-26 11:20:38,893 - INFO - Processed item: Cohort announced for sixth Propel@YH accelerator programme - 2024-09-26 08:30:00
2024-09-26 11:20:38,894 - INFO - Processed item: Royal National Orthopaedic Hospital to roll out Epic EHR in 2025 - 2024-09-25 13:30:00
2024-09-26 11:20:38,894 - INFO - Processed item: PharmacyX tests electronic prescription software for use in Wales - 2024-09-25 11:00:00
2024-09-26 11:20:38,895 - INFO - Processed item: ‘Two-factor authentication may have stopped Synnovis cyber attack’ - 2024-09-25 08:30:00
2024-09-26 11:20:38,895 - INFO - Processed item: Prescription tracking feature launched on the NHS App - 2024-09-24 14:22:00
2024-09-26 11:20:38,896 - INFO - Total items processed: 7
2024-09-26 11:20:38,903 - INFO - Data saved to databases/digital_health_news.csv. Total items: 12.
2024-09-26 11:20:38,903 - INFO - Scraping completed.
2024-09-26 11:41:00,763 - INFO - Starting scrape for https://www.digitalhealth.net/news/
2024-09-26 11:41:01,312 - INFO - Processed item: Digital Health Coffee Time Briefing ☕ - 2024-09-26 11:30:00
2024-09-26 11:41:01,312 - INFO - Processed item: NHSE commissions rapid review of acute trusts’ EPR plans - 2024-09-26 11:00:00
2024-09-26 11:41:01,313 - INFO - Processed item: Cohort announced for sixth Propel@YH accelerator programme - 2024-09-26 08:30:00
2024-09-26 11:41:01,313 - INFO - Processed item: Royal National Orthopaedic Hospital to roll out Epic EHR in 2025 - 2024-09-25 13:30:00
2024-09-26 11:41:01,314 - INFO - Processed item: PharmacyX tests electronic prescription software for use in Wales - 2024-09-25 11:00:00
2024-09-26 11:41:01,314 - INFO - Processed item: ‘Two-factor authentication may have stopped Synnovis cyber attack’ - 2024-09-25 08:30:00
2024-09-26 11:41:01,315 - INFO - Processed item: Prescription tracking feature launched on the NHS App - 2024-09-24 14:22:00
2024-09-26 11:41:01,315 - INFO - Total items processed: 7
2024-09-26 11:41:01,322 - INFO - Data saved to databases/digital_health_news.csv. Total items: 12.
2024-09-26 11:41:01,322 - INFO - Scraping completed.
2024-09-26 11:54:28,344 - INFO - Starting scrape for https://www.digitalhealth.net/news/
2024-09-26 11:54:28,858 - INFO - Processed item: Digital Health Coffee Time Briefing ☕ - 2024-09-26 11:30:00
2024-09-26 11:54:28,859 - INFO - Processed item: NHSE commissions rapid review of acute trusts’ EPR plans - 2024-09-26 11:00:00
2024-09-26 11:54:28,859 - INFO - Processed item: Cohort announced for sixth Propel@YH accelerator programme - 2024-09-26 08:30:00
2024-09-26 11:54:28,860 - INFO - Processed item: Royal National Orthopaedic Hospital to roll out Epic EHR in 2025 - 2024-09-25 13:30:00
2024-09-26 11:54:28,860 - INFO - Processed item: PharmacyX tests electronic prescription software for use in Wales - 2024-09-25 11:00:00
2024-09-26 11:54:28,861 - INFO - Processed item: ‘Two-factor authentication may have stopped Synnovis cyber attack’ - 2024-09-25 08:30:00
2024-09-26 11:54:28,861 - INFO - Processed item: Prescription tracking feature launched on the NHS App - 2024-09-24 14:22:00
2024-09-26 11:54:28,862 - INFO - Total items processed: 7
2024-09-26 11:54:28,869 - INFO - Data saved to databases/digital_health_news.csv. Total items: 12.
2024-09-26 11:54:28,869 - INFO - Scraping completed.
2024-09-26 12:47:34,480 - INFO - Starting scrape for https://www.digitalhealth.net/news/
2024-09-26 12:47:35,347 - INFO - Processed item: Vin Diwakar: We must fix the basic NHS digital infrastructure - 2024-09-26 13:30:00
2024-09-26 12:47:35,347 - INFO - Processed item: Digital Health Coffee Time Briefing ☕ - 2024-09-26 11:30:00
2024-09-26 12:47:35,347 - INFO - Processed item: NHSE commissions rapid review of acute trusts’ EPR plans - 2024-09-26 11:00:00
2024-09-26 12:47:35,348 - INFO - Processed item: Cohort announced for sixth Propel@YH accelerator programme - 2024-09-26 08:30:00
2024-09-26 12:47:35,348 - INFO - Processed item: Royal National Orthopaedic Hospital to roll out Epic EHR in 2025 - 2024-09-25 13:30:00
2024-09-26 12:47:35,349 - INFO - Processed item: PharmacyX tests electronic prescription software for use in Wales - 2024-09-25 11:00:00
2024-09-26 12:47:35,349 - INFO - Processed item: ‘Two-factor authentication may have stopped Synnovis cyber attack’ - 2024-09-25 08:30:00
2024-09-26 12:47:35,350 - INFO - Total items processed: 7
2024-09-26 12:47:35,357 - INFO - Data saved to databases/digital_health_news.csv. Total items: 13.
2024-09-26 12:47:35,357 - INFO - Scraping completed.
2024-09-26 13:30:54,255 - INFO - Starting scrape for https://www.digitalhealth.net/news/
2024-09-26 13:30:54,965 - INFO - Processed item: Vin Diwakar: We must fix the basic NHS digital infrastructure - 2024-09-26 13:30:00
2024-09-26 13:30:54,966 - INFO - Processed item: Digital Health Coffee Time Briefing ☕ - 2024-09-26 11:30:00
2024-09-26 13:30:54,966 - INFO - Processed item: NHSE commissions rapid review of acute trusts’ EPR plans - 2024-09-26 11:00:00
2024-09-26 13:30:54,966 - INFO - Processed item: Cohort announced for sixth Propel@YH accelerator programme - 2024-09-26 08:30:00
2024-09-26 13:30:54,967 - INFO - Processed item: Royal National Orthopaedic Hospital to roll out Epic EHR in 2025 - 2024-09-25 13:30:00
2024-09-26 13:30:54,967 - INFO - Processed item: PharmacyX tests electronic prescription software for use in Wales - 2024-09-25 11:00:00
2024-09-26 13:30:54,968 - INFO - Processed item: ‘Two-factor authentication may have stopped Synnovis cyber attack’ - 2024-09-25 08:30:00
2024-09-26 13:30:54,969 - INFO - Total items processed: 7
2024-09-26 13:30:54,975 - INFO - Data saved to databases/digital_health_news.csv. Total items: 13.
2024-09-26 13:30:54,976 - INFO - Scraping completed.
2024-09-26 13:46:14,089 - INFO - Starting scrape for https://www.digitalhealth.net/news/
2024-09-26 13:46:14,532 - INFO - Processed item: Vin Diwakar: We must fix the basic NHS digital infrastructure - 2024-09-26 13:30:00
2024-09-26 13:46:14,533 - INFO - Processed item: Digital Health Coffee Time Briefing ☕ - 2024-09-26 11:30:00
2024-09-26 13:46:14,533 - INFO - Processed item: NHSE commissions rapid review of acute trusts’ EPR plans - 2024-09-26 11:00:00
2024-09-26 13:46:14,534 - INFO - Processed item: Cohort announced for sixth Propel@YH accelerator programme - 2024-09-26 08:30:00
2024-09-26 13:46:14,534 - INFO - Processed item: Royal National Orthopaedic Hospital to roll out Epic EHR in 2025 - 2024-09-25 13:30:00
2024-09-26 13:46:14,535 - INFO - Processed item: PharmacyX tests electronic prescription software for use in Wales - 2024-09-25 11:00:00
2024-09-26 13:46:14,535 - INFO - Processed item: ‘Two-factor authentication may have stopped Synnovis cyber attack’ - 2024-09-25 08:30:00
2024-09-26 13:46:14,536 - INFO - Total items processed: 7
2024-09-26 13:46:14,543 - INFO - Data saved to databases/digital_health_news.csv. Total items: 13.
2024-09-26 13:46:14,543 - INFO - Scraping completed.
2024-09-26 13:59:22,644 - INFO - Starting scrape for https://www.digitalhealth.net/news/
2024-09-26 13:59:23,146 - INFO - Processed item: Vin Diwakar: We must fix the basic NHS digital infrastructure - 2024-09-26 13:30:00
2024-09-26 13:59:23,147 - INFO - Processed item: Digital Health Coffee Time Briefing ☕ - 2024-09-26 11:30:00
2024-09-26 13:59:23,147 - INFO - Processed item: NHSE commissions rapid review of acute trusts’ EPR plans - 2024-09-26 11:00:00
2024-09-26 13:59:23,147 - INFO - Processed item: Cohort announced for sixth Propel@YH accelerator programme - 2024-09-26 08:30:00
2024-09-26 13:59:23,148 - INFO - Processed item: Royal National Orthopaedic Hospital to roll out Epic EHR in 2025 - 2024-09-25 13:30:00
2024-09-26 13:59:23,148 - INFO - Processed item: PharmacyX tests electronic prescription software for use in Wales - 2024-09-25 11:00:00
2024-09-26 13:59:23,149 - INFO - Processed item: ‘Two-factor authentication may have stopped Synnovis cyber attack’ - 2024-09-25 08:30:00
2024-09-26 13:59:23,150 - INFO - Total items processed: 7
2024-09-26 13:59:23,158 - INFO - Data saved to databases/digital_health_news.csv. Total items: 13.
2024-09-26 13:59:23,158 - INFO - Scraping completed.
2024-09-26 14:28:00,661 - INFO - Starting scrape for https://www.digitalhealth.net/news/
2024-09-26 14:28:01,376 - INFO - Processed item: Vin Diwakar: We must fix the basic NHS digital infrastructure - 2024-09-26 13:30:00
2024-09-26 14:28:01,377 - INFO - Processed item: Digital Health Coffee Time Briefing ☕ - 2024-09-26 11:30:00
2024-09-26 14:28:01,377 - INFO - Processed item: NHSE commissions rapid review of acute trusts’ EPR plans - 2024-09-26 11:00:00
2024-09-26 14:28:01,378 - INFO - Processed item: Cohort announced for sixth Propel@YH accelerator programme - 2024-09-26 08:30:00
2024-09-26 14:28:01,378 - INFO - Processed item: Royal National Orthopaedic Hospital to roll out Epic EHR in 2025 - 2024-09-25 13:30:00
2024-09-26 14:28:01,379 - INFO - Processed item: PharmacyX tests electronic prescription software for use in Wales - 2024-09-25 11:00:00
2024-09-26 14:28:01,379 - INFO - Processed item: ‘Two-factor authentication may have stopped Synnovis cyber attack’ - 2024-09-25 08:30:00
2024-09-26 14:28:01,380 - INFO - Total items processed: 7
2024-09-26 14:28:01,387 - INFO - Data saved to databases/digital_health_news.csv. Total items: 13.
2024-09-26 14:28:01,387 - INFO - Scraping completed.
2024-09-26 14:45:05,939 - INFO - Starting scrape for https://www.digitalhealth.net/news/
2024-09-26 14:45:06,462 - INFO - Processed item: Vin Diwakar: We must fix the basic NHS digital infrastructure - 2024-09-26 13:30:00
2024-09-26 14:45:06,463 - INFO - Processed item: Digital Health Coffee Time Briefing ☕ - 2024-09-26 11:30:00
2024-09-26 14:45:06,463 - INFO - Processed item: NHSE commissions rapid review of acute trusts’ EPR plans - 2024-09-26 11:00:00
2024-09-26 14:45:06,463 - INFO - Processed item: Cohort announced for sixth Propel@YH accelerator programme - 2024-09-26 08:30:00
2024-09-26 14:45:06,464 - INFO - Processed item: Royal National Orthopaedic Hospital to roll out Epic EHR in 2025 - 2024-09-25 13:30:00
2024-09-26 14:45:06,464 - INFO - Processed item: PharmacyX tests electronic prescription software for use in Wales - 2024-09-25 11:00:00
2024-09-26 14:45:06,465 - INFO - Processed item: ‘Two-factor authentication may have stopped Synnovis cyber attack’ - 2024-09-25 08:30:00
2024-09-26 14:45:06,466 - INFO - Total items processed: 7
2024-09-26 14:45:06,473 - INFO - Data saved to databases/digital_health_news.csv. Total items: 13.
2024-09-26 14:45:06,473 - INFO - Scraping completed.
2024-09-26 14:58:17,342 - INFO - Starting scrape for https://www.digitalhealth.net/news/
2024-09-26 14:58:17,863 - INFO - Processed item: Vin Diwakar: We must fix the basic NHS digital infrastructure - 2024-09-26 13:30:00
2024-09-26 14:58:17,863 - INFO - Processed item: Digital Health Coffee Time Briefing ☕ - 2024-09-26 11:30:00
2024-09-26 14:58:17,864 - INFO - Processed item: NHSE commissions rapid review of acute trusts’ EPR plans - 2024-09-26 11:00:00
2024-09-26 14:58:17,864 - INFO - Processed item: Cohort announced for sixth Propel@YH accelerator programme - 2024-09-26 08:30:00
2024-09-26 14:58:17,865 - INFO - Processed item: Royal National Orthopaedic Hospital to roll out Epic EHR in 2025 - 2024-09-25 13:30:00
2024-09-26 14:58:17,865 - INFO - Processed item: PharmacyX tests electronic prescription software for use in Wales - 2024-09-25 11:00:00
2024-09-26 14:58:17,865 - INFO - Processed item: ‘Two-factor authentication may have stopped Synnovis cyber attack’ - 2024-09-25 08:30:00
2024-09-26 14:58:17,866 - INFO - Total items processed: 7
2024-09-26 14:58:17,873 - INFO - Data saved to databases/digital_health_news.csv. Total items: 13.
2024-09-26 14:58:17,873 - INFO - Scraping completed.
