2024-09-24 19:23:28,694 - INFO - Starting scrape for Fierce Pharma
2024-09-24 19:23:28,694 - INFO - Fetching data from page 1
2024-09-24 19:23:28,751 - INFO - Extracted 10 UUIDs
2024-09-24 19:23:28,809 - INFO - Processed article: Vertex taps Lonza to help produce global supply of...
2024-09-24 19:23:28,918 - INFO - Processed article: Novo Nordisk CEO prepares to defend Ozempic, Wegov...
2024-09-24 19:23:28,994 - INFO - Skipped article: Understanding SPMS: Insights from Dr. Jiwon Oh... (alias: /sponsored/understanding-spms-...)
2024-09-24 19:23:29,044 - INFO - Skipped article: Savara, eyeing rare disease drug submission next y... (alias: /marketing/savara-eyeing-rare-...)
2024-09-24 19:23:29,080 - INFO - Processed article: Legend Biotech inks deal for 'priority access' to ...
2024-09-24 19:23:29,238 - INFO - Skipped article: Is treatment for multiple sclerosis about to chang... (alias: /sponsored/treatment-multiple-...)
2024-09-24 19:23:29,273 - INFO - Processed article: AGC Biologics telegraphs layoffs, winds down produ...
2024-09-24 19:23:29,314 - INFO - Skipped article: Docs discuss sluggish switch to Humira biosimilars... (alias: /marketing/docs-discuss-sluggi...)
2024-09-24 19:23:29,346 - INFO - Processed article: Warren, others urge government to allow generics t...
2024-09-24 19:23:29,476 - INFO - Processed article: Regulatory tracker: Ipsen picks up EU approvals fo...
2024-09-24 19:23:29,476 - INFO - Fetching data from page 2
2024-09-24 19:23:29,512 - INFO - Extracted 10 UUIDs
2024-09-24 19:23:29,574 - INFO - Processed article: UCB rapidly bolsters blockbuster potential for Bim...
2024-09-24 19:23:29,631 - INFO - Processed article: Appeals Court resurrects PhRMA's lawsuit challengi...
2024-09-24 19:23:29,687 - INFO - Skipped article: Understanding SPMS: Insights from Dr. Jiwon Oh... (alias: /sponsored/understanding-spms-...)
2024-09-24 19:23:29,726 - INFO - Skipped article: Telix expansion spree rolls on with $250M acquisit... (alias: /manufacturing/telix-expansion...)
2024-09-24 19:23:29,760 - INFO - Skipped article: Rejuveron Life Sciences rejuvenates as Centenara L... (alias: /marketing/rejuveron-life-scie...)
2024-09-24 19:23:29,804 - INFO - Skipped article: Is treatment for multiple sclerosis about to chang... (alias: /sponsored/treatment-multiple-...)
2024-09-24 19:23:29,850 - INFO - Processed article: J&J hopes 3rd time's the charm for Texas two-step ...
2024-09-24 19:23:29,988 - INFO - Processed article: Fiercest Women in Life Sciences 2024: Nominations ...
2024-09-24 19:23:30,028 - INFO - Processed article: Sanofi breaks into first-line multiple myeloma wit...
2024-09-24 19:23:30,062 - INFO - Processed article: With FDA nod, AstraZeneca's FluMist becomes first ...
2024-09-24 19:23:30,066 - INFO - Data saved to databases/fierce_pharma.csv. Total items: 12.
2024-09-24 19:23:30,066 - INFO - Saved 12 articles to CSV.
2024-09-24 19:23:30,066 - INFO - Scraping completed.
