2024-09-06 04:24:48,984 - INFO - Scape Script started.
2024-09-06 04:24:49,268 - INFO - Data fetched successfully from API.
2024-09-06 04:24:49,268 - INFO - No existing data found in databases/meds.csv.
2024-09-06 04:24:49,276 - INFO - Successfully updated databases/meds.csv with new data.
2024-09-06 04:24:49,276 - INFO - Meds script completed successfully.
2024-09-09 13:30:33,632 - INFO - Scape Script started.
2024-09-09 13:30:33,810 - INFO - Data fetched successfully from API.
2024-09-09 13:30:33,813 - INFO - Loaded 5 existing entries from databases/meds.csv.
2024-09-09 13:30:33,822 - INFO - Successfully updated databases/meds.csv with new data.
2024-09-09 13:30:33,822 - INFO - Meds script completed successfully.
2024-09-09 13:30:48,960 - INFO - Scape Script started.
2024-09-09 13:30:49,112 - INFO - Data fetched successfully from API.
2024-09-09 13:30:49,114 - INFO - Loaded 10 existing entries from databases/meds.csv.
2024-09-09 13:30:49,121 - INFO - No new data to update.
2024-09-09 13:30:49,123 - INFO - Meds script completed successfully.
2024-09-09 14:02:02,511 - INFO - Scape Script started.
2024-09-09 14:02:02,905 - INFO - Data fetched successfully from API.
2024-09-09 14:02:02,907 - INFO - Loaded 10 existing entries from databases/meds.csv.
2024-09-09 14:02:02,913 - INFO - No new data to update.
2024-09-09 14:02:02,913 - INFO - Meds script completed successfully.
