<<<<<<< HEAD
2024-09-24 09:52:12,928 - INFO - Starting scrape for https://www.nice.org.uk/news/articles
2024-09-24 09:52:13,925 - INFO - Data saved to databases/nice.csv. Total items: 6.
2024-09-24 09:58:36,271 - INFO - Starting scrape for https://www.nice.org.uk/news/articles
2024-09-24 09:58:37,132 - INFO - Data saved to databases/nice.csv. Total items: 6.
2024-09-24 10:26:56,582 - INFO - Starting scrape for https://www.nice.org.uk/news/articles
2024-09-24 10:26:57,267 - INFO - Data saved to databases/nice.csv. Total items: 6.
2024-09-24 10:45:23,658 - INFO - Starting scrape for https://www.nice.org.uk/news/articles
2024-09-24 10:45:24,224 - INFO - Data saved to databases/nice.csv. Total items: 6.
2024-09-24 10:58:25,039 - INFO - Starting scrape for https://www.nice.org.uk/news/articles
2024-09-24 10:58:25,878 - INFO - Data saved to databases/nice.csv. Total items: 6.
2024-09-24 11:20:57,732 - INFO - Starting scrape for https://www.nice.org.uk/news/articles
2024-09-24 11:20:58,226 - INFO - Data saved to databases/nice.csv. Total items: 6.
2024-09-24 11:40:30,707 - INFO - Starting scrape for https://www.nice.org.uk/news/articles
2024-09-24 11:40:31,523 - INFO - Data saved to databases/nice.csv. Total items: 6.
2024-09-24 11:54:48,166 - INFO - Starting scrape for https://www.nice.org.uk/news/articles
2024-09-24 11:54:48,711 - INFO - Data saved to databases/nice.csv. Total items: 6.
2024-09-24 12:46:52,634 - INFO - Starting scrape for https://www.nice.org.uk/news/articles
2024-09-24 12:46:53,579 - INFO - Data saved to databases/nice.csv. Total items: 6.
2024-09-24 13:31:16,251 - INFO - Starting scrape for https://www.nice.org.uk/news/articles
2024-09-24 13:31:17,276 - INFO - Data saved to databases/nice.csv. Total items: 6.
2024-09-24 13:45:41,126 - INFO - Starting scrape for https://www.nice.org.uk/news/articles
2024-09-24 13:45:41,671 - INFO - Data saved to databases/nice.csv. Total items: 6.
2024-09-24 13:58:52,731 - INFO - Starting scrape for https://www.nice.org.uk/news/articles
2024-09-24 13:58:53,517 - INFO - Data saved to databases/nice.csv. Total items: 6.
2024-09-24 14:24:26,526 - INFO - Starting scrape for https://www.nice.org.uk/news/articles
2024-09-24 14:24:27,082 - INFO - Data saved to databases/nice.csv. Total items: 6.
2024-09-24 14:43:39,704 - INFO - Starting scrape for https://www.nice.org.uk/news/articles
2024-09-24 14:43:40,578 - INFO - Data saved to databases/nice.csv. Total items: 6.
2024-09-24 14:56:42,441 - INFO - Starting scrape for https://www.nice.org.uk/news/articles
2024-09-24 14:56:43,125 - INFO - Data saved to databases/nice.csv. Total items: 6.
2024-09-24 15:25:41,179 - INFO - Starting scrape for https://www.nice.org.uk/news/articles
2024-09-24 15:25:41,914 - INFO - Data saved to databases/nice.csv. Total items: 6.
2024-09-24 15:43:17,933 - INFO - Starting scrape for https://www.nice.org.uk/news/articles
2024-09-24 15:43:18,685 - INFO - Data saved to databases/nice.csv. Total items: 6.
2024-09-24 15:56:17,525 - INFO - Starting scrape for https://www.nice.org.uk/news/articles
2024-09-24 15:56:18,012 - INFO - Data saved to databases/nice.csv. Total items: 6.
2024-09-24 16:29:55,320 - INFO - Starting scrape for https://www.nice.org.uk/news/articles
2024-09-24 16:29:56,099 - INFO - Data saved to databases/nice.csv. Total items: 6.
2024-09-24 16:48:37,797 - INFO - Starting scrape for https://www.nice.org.uk/news/articles
2024-09-24 16:48:38,435 - INFO - Data saved to databases/nice.csv. Total items: 6.
2024-09-24 17:22:46,706 - INFO - Starting scrape for https://www.nice.org.uk/news/articles
2024-09-24 17:22:47,494 - INFO - Data saved to databases/nice.csv. Total items: 6.
2024-09-24 17:42:46,196 - INFO - Starting scrape for https://www.nice.org.uk/news/articles
2024-09-24 17:42:46,951 - INFO - Data saved to databases/nice.csv. Total items: 6.
2024-09-24 17:56:01,231 - INFO - Starting scrape for https://www.nice.org.uk/news/articles
2024-09-24 17:56:02,169 - INFO - Data saved to databases/nice.csv. Total items: 6.
2024-09-24 18:28:54,892 - INFO - Starting scrape for https://www.nice.org.uk/news/articles
2024-09-24 18:28:55,637 - INFO - Data saved to databases/nice.csv. Total items: 6.
2024-09-24 19:17:04,313 - INFO - Starting scrape for https://www.nice.org.uk/news/articles
2024-09-24 19:17:05,064 - INFO - Data saved to databases/nice.csv. Total items: 6.
2024-09-24 20:23:39,464 - INFO - Starting scrape for https://www.nice.org.uk/news/articles
2024-09-24 20:23:40,134 - INFO - Data saved to databases/nice.csv. Total items: 6.
2024-09-24 21:19:57,615 - INFO - Starting scrape for https://www.nice.org.uk/news/articles
2024-09-24 21:19:58,060 - INFO - Data saved to databases/nice.csv. Total items: 6.
2024-09-24 22:20:18,409 - INFO - Starting scrape for https://www.nice.org.uk/news/articles
2024-09-24 22:20:20,577 - INFO - Data saved to databases/nice.csv. Total items: 6.
2024-09-24 23:20:28,727 - INFO - Starting scrape for https://www.nice.org.uk/news/articles
2024-09-24 23:20:29,187 - INFO - Data saved to databases/nice.csv. Total items: 6.
2024-09-25 01:02:16,584 - INFO - Starting scrape for https://www.nice.org.uk/news/articles
2024-09-25 01:02:17,336 - INFO - Data saved to databases/nice.csv. Total items: 6.
2024-09-25 02:48:06,997 - INFO - Starting scrape for https://www.nice.org.uk/news/articles
2024-09-25 02:48:07,930 - INFO - Data saved to databases/nice.csv. Total items: 6.
2024-09-25 04:17:20,230 - INFO - Starting scrape for https://www.nice.org.uk/news/articles
2024-09-25 04:17:20,902 - INFO - Data saved to databases/nice.csv. Total items: 6.
2024-09-25 06:19:18,194 - INFO - Starting scrape for https://www.nice.org.uk/news/articles
2024-09-25 06:19:19,051 - INFO - Data saved to databases/nice.csv. Total items: 6.
2024-09-25 08:19:14,143 - INFO - Starting scrape for https://www.nice.org.uk/news/articles
2024-09-25 08:19:14,793 - INFO - Data saved to databases/nice.csv. Total items: 6.
2024-09-25 09:42:35,400 - INFO - Starting scrape for https://www.nice.org.uk/news/articles
2024-09-25 09:42:36,139 - INFO - Data saved to databases/nice.csv. Total items: 6.
2024-09-25 10:26:50,859 - INFO - Starting scrape for https://www.nice.org.uk/news/articles
2024-09-25 10:26:51,847 - INFO - Data saved to databases/nice.csv. Total items: 6.
2024-09-25 10:45:19,103 - INFO - Starting scrape for https://www.nice.org.uk/news/articles
2024-09-25 10:45:19,733 - INFO - Data saved to databases/nice.csv. Total items: 6.
2024-09-25 10:58:21,094 - INFO - Starting scrape for https://www.nice.org.uk/news/articles
2024-09-25 10:58:21,874 - INFO - Data saved to databases/nice.csv. Total items: 6.
2024-09-25 11:21:58,797 - INFO - Starting scrape for https://www.nice.org.uk/news/articles
2024-09-25 11:21:59,442 - INFO - Data saved to databases/nice.csv. Total items: 6.
2024-09-25 11:40:24,275 - INFO - Starting scrape for https://www.nice.org.uk/news/articles
2024-09-25 11:40:24,989 - INFO - Data saved to databases/nice.csv. Total items: 6.
2024-09-25 11:54:42,786 - INFO - Starting scrape for https://www.nice.org.uk/news/articles
2024-09-25 11:54:43,830 - INFO - Data saved to databases/nice.csv. Total items: 6.
2024-09-25 12:47:00,563 - INFO - Starting scrape for https://www.nice.org.uk/news/articles
2024-09-25 12:47:01,046 - INFO - Data saved to databases/nice.csv. Total items: 6.
2024-09-25 13:31:23,100 - INFO - Starting scrape for https://www.nice.org.uk/news/articles
2024-09-25 13:31:23,989 - INFO - Data saved to databases/nice.csv. Total items: 6.
2024-09-25 13:46:14,647 - INFO - Starting scrape for https://www.nice.org.uk/news/articles
2024-09-25 13:46:15,664 - INFO - Data saved to databases/nice.csv. Total items: 6.
2024-09-25 13:59:17,260 - INFO - Starting scrape for https://www.nice.org.uk/news/articles
2024-09-25 13:59:17,977 - INFO - Data saved to databases/nice.csv. Total items: 6.
2024-09-25 14:26:30,231 - INFO - Starting scrape for https://www.nice.org.uk/news/articles
2024-09-25 14:26:30,805 - INFO - Data saved to databases/nice.csv. Total items: 6.
2024-09-25 14:44:09,440 - INFO - Starting scrape for https://www.nice.org.uk/news/articles
2024-09-25 14:44:10,553 - INFO - Data saved to databases/nice.csv. Total items: 6.
=======
2024-09-25 17:55:25,425 - INFO - Starting scrape for https://www.nice.org.uk/news/articles
2024-09-25 17:57:35,281 - INFO - Starting scrape for https://www.nice.org.uk/news/articles
2024-09-25 17:57:35,282 - DEBUG - Starting new HTTPS connection (1): www.nice.org.uk:443
2024-09-25 17:57:35,480 - DEBUG - https://www.nice.org.uk:443 "GET /news/articles HTTP/11" 200 None
2024-09-25 17:57:35,501 - DEBUG - Parsing date: 25 September 2024
2024-09-25 17:57:35,502 - DEBUG - Parsed date: 2024-09-25 00:00:00
2024-09-25 17:57:35,502 - DEBUG - Parsing date: 19 September 2024
2024-09-25 17:57:35,502 - DEBUG - Parsed date: 2024-09-19 00:00:00
2024-09-25 17:57:35,502 - DEBUG - Parsing date: 05 September 2024
2024-09-25 17:57:35,502 - DEBUG - Parsed date: 2024-09-05 00:00:00
2024-09-25 17:57:35,502 - DEBUG - Parsing date: 28 August 2024
2024-09-25 17:57:35,503 - DEBUG - Parsed date: 2024-08-28 00:00:00
2024-09-25 17:57:35,503 - DEBUG - Parsing date: 22 August 2024
2024-09-25 17:57:35,503 - DEBUG - Parsed date: 2024-08-22 00:00:00
2024-09-25 17:57:35,503 - DEBUG - Parsing date: 14 August 2024
2024-09-25 17:57:35,503 - DEBUG - Parsed date: 2024-08-14 00:00:00
2024-09-25 17:57:35,506 - DEBUG - Unique date formats: ['2024-09-19' '2024-09-05' '2024-08-28' '2024-08-22' '2024-08-14'
 '2024-08-09' '2024-09-25 00:00:00']
2024-09-25 17:57:35,508 - ERROR - Error converting 'Time' column to datetime: unconverted data remains when parsing with format "%Y-%m-%d": " 00:00:00", at position 6. You might want to try:
    - passing `format` if your strings have a consistent format;
    - passing `format='ISO8601'` if your strings are all ISO8601 but not necessarily in exactly the same format;
    - passing `format='mixed'`, and the format will be inferred for each element individually. You might want to use `dayfirst` alongside this.
2024-09-25 17:57:35,509 - ERROR - Problematic date values: ['2024-09-25 00:00:00']
2024-09-25 17:57:35,512 - INFO - Data saved to databases/nice.csv. Total items: 7.
2024-09-25 17:59:28,609 - INFO - Starting scrape for https://www.nice.org.uk/news/articles
2024-09-25 17:59:28,610 - DEBUG - Starting new HTTPS connection (1): www.nice.org.uk:443
2024-09-25 17:59:28,674 - DEBUG - https://www.nice.org.uk:443 "GET /news/articles HTTP/11" 200 27681
2024-09-25 17:59:28,685 - DEBUG - Parsing date: 25 September 2024
2024-09-25 17:59:28,686 - DEBUG - Parsed date: 2024-09-25
2024-09-25 17:59:28,686 - DEBUG - Parsing date: 19 September 2024
2024-09-25 17:59:28,686 - DEBUG - Parsed date: 2024-09-19
2024-09-25 17:59:28,686 - DEBUG - Parsing date: 05 September 2024
2024-09-25 17:59:28,686 - DEBUG - Parsed date: 2024-09-05
2024-09-25 17:59:28,686 - DEBUG - Parsing date: 28 August 2024
2024-09-25 17:59:28,687 - DEBUG - Parsed date: 2024-08-28
2024-09-25 17:59:28,687 - DEBUG - Parsing date: 22 August 2024
2024-09-25 17:59:28,687 - DEBUG - Parsed date: 2024-08-22
2024-09-25 17:59:28,687 - DEBUG - Parsing date: 14 August 2024
2024-09-25 17:59:28,687 - DEBUG - Parsed date: 2024-08-14
2024-09-25 17:59:28,690 - DEBUG - Unique date formats: ['2024-09-25 00:00:00' '2024-09-19' '2024-09-05' '2024-08-28' '2024-08-22'
 '2024-08-14' '2024-08-09']
2024-09-25 17:59:28,693 - ERROR - Error converting 'Time' column to datetime: time data "2024-09-19" doesn't match format "%Y-%m-%d %H:%M:%S", at position 1. You might want to try:
    - passing `format` if your strings have a consistent format;
    - passing `format='ISO8601'` if your strings are all ISO8601 but not necessarily in exactly the same format;
    - passing `format='mixed'`, and the format will be inferred for each element individually. You might want to use `dayfirst` alongside this.
2024-09-25 17:59:28,694 - ERROR - Problematic date values: ['2024-09-19', '2024-09-05', '2024-08-28', '2024-08-22', '2024-08-14', '2024-08-09']
2024-09-25 17:59:50,928 - INFO - Starting scrape for https://www.nice.org.uk/news/articles
2024-09-25 17:59:50,929 - DEBUG - Starting new HTTPS connection (1): www.nice.org.uk:443
2024-09-25 17:59:51,154 - DEBUG - https://www.nice.org.uk:443 "GET /news/articles HTTP/11" 200 None
2024-09-25 17:59:51,175 - DEBUG - Parsing date: 25 September 2024
2024-09-25 17:59:51,175 - DEBUG - Parsed date: 2024-09-25
2024-09-25 17:59:51,176 - DEBUG - Parsing date: 19 September 2024
2024-09-25 17:59:51,176 - DEBUG - Parsed date: 2024-09-19
2024-09-25 17:59:51,176 - DEBUG - Parsing date: 05 September 2024
2024-09-25 17:59:51,176 - DEBUG - Parsed date: 2024-09-05
2024-09-25 17:59:51,176 - DEBUG - Parsing date: 28 August 2024
2024-09-25 17:59:51,176 - DEBUG - Parsed date: 2024-08-28
2024-09-25 17:59:51,176 - DEBUG - Parsing date: 22 August 2024
2024-09-25 17:59:51,177 - DEBUG - Parsed date: 2024-08-22
2024-09-25 17:59:51,177 - DEBUG - Parsing date: 14 August 2024
2024-09-25 17:59:51,177 - DEBUG - Parsed date: 2024-08-14
2024-09-25 17:59:51,180 - DEBUG - Unique date formats: ['2024-09-25 00:00:00' '2024-09-19' '2024-09-05' '2024-08-28' '2024-08-22'
 '2024-08-14' '2024-08-09']
2024-09-25 17:59:51,182 - ERROR - Error converting 'Time' column to datetime: time data "2024-09-19" doesn't match format "%Y-%m-%d %H:%M:%S", at position 1. You might want to try:
    - passing `format` if your strings have a consistent format;
    - passing `format='ISO8601'` if your strings are all ISO8601 but not necessarily in exactly the same format;
    - passing `format='mixed'`, and the format will be inferred for each element individually. You might want to use `dayfirst` alongside this.
2024-09-25 17:59:51,183 - ERROR - Problematic date values: ['2024-09-19', '2024-09-05', '2024-08-28', '2024-08-22', '2024-08-14', '2024-08-09']
2024-09-25 18:00:23,864 - INFO - Starting scrape for https://www.nice.org.uk/news/articles
2024-09-25 18:00:23,865 - DEBUG - Starting new HTTPS connection (1): www.nice.org.uk:443
2024-09-25 18:00:24,197 - DEBUG - https://www.nice.org.uk:443 "GET /news/articles HTTP/11" 200 None
2024-09-25 18:00:24,241 - DEBUG - Parsing date: 25 September 2024
2024-09-25 18:00:24,241 - DEBUG - Parsed date: 2024-09-25
2024-09-25 18:00:24,241 - DEBUG - Parsing date: 19 September 2024
2024-09-25 18:00:24,241 - DEBUG - Parsed date: 2024-09-19
2024-09-25 18:00:24,242 - DEBUG - Parsing date: 05 September 2024
2024-09-25 18:00:24,242 - DEBUG - Parsed date: 2024-09-05
2024-09-25 18:00:24,242 - DEBUG - Parsing date: 28 August 2024
2024-09-25 18:00:24,242 - DEBUG - Parsed date: 2024-08-28
2024-09-25 18:00:24,242 - DEBUG - Parsing date: 22 August 2024
2024-09-25 18:00:24,242 - DEBUG - Parsed date: 2024-08-22
2024-09-25 18:00:24,242 - DEBUG - Parsing date: 14 August 2024
2024-09-25 18:00:24,243 - DEBUG - Parsed date: 2024-08-14
2024-09-25 18:00:24,246 - DEBUG - Unique date formats: ['2024-09-25 00:00:00' '2024-09-19' '2024-09-05' '2024-08-28' '2024-08-22'
 '2024-08-14' '2024-08-09']
2024-09-25 18:00:24,246 - INFO - Successfully converted 'Time' column to datetime
2024-09-25 18:00:24,248 - INFO - Data saved to databases/nice.csv. Total items: 7.
2024-09-25 18:06:35,881 - INFO - Starting scrape for https://www.nice.org.uk/news/articles
2024-09-25 18:07:02,393 - INFO - Starting scrape for https://www.nice.org.uk/news/articles
2024-09-25 18:07:21,740 - INFO - Starting scrape for https://www.nice.org.uk/news/articles
2024-09-25 18:07:33,838 - INFO - Starting scrape for https://www.nice.org.uk/news/articles
2024-09-25 18:07:33,920 - INFO - Data saved to databases/nice.csv. Total items: 7.
2024-09-25 18:07:44,864 - INFO - Starting scrape for https://www.nice.org.uk/news/articles
2024-09-25 18:07:44,997 - INFO - Data saved to databases/nice.csv. Total items: 7.
2024-09-25 18:08:01,041 - INFO - Starting scrape for https://www.nice.org.uk/news/articles
2024-09-25 18:08:01,128 - INFO - Data saved to databases/nice.csv. Total items: 7.
>>>>>>> 71436ba (clean up and fix nice)
2024-09-25 18:12:41,652 - INFO - Starting scrape for https://www.nice.org.uk/news/articles
2024-09-25 18:12:42,259 - INFO - Data saved to databases/nice.csv. Total items: 7.
2024-09-25 18:28:48,464 - INFO - Starting scrape for https://www.nice.org.uk/news/articles
2024-09-25 18:28:49,479 - INFO - Data saved to databases/nice.csv. Total items: 7.
2024-09-25 19:15:24,538 - INFO - Starting scrape for https://www.nice.org.uk/news/articles
2024-09-25 19:15:25,214 - INFO - Data saved to databases/nice.csv. Total items: 7.
2024-09-25 20:23:42,230 - INFO - Starting scrape for https://www.nice.org.uk/news/articles
2024-09-25 20:23:43,063 - INFO - Data saved to databases/nice.csv. Total items: 7.
2024-09-25 21:21:07,014 - INFO - Starting scrape for https://www.nice.org.uk/news/articles
2024-09-25 21:21:07,863 - INFO - Data saved to databases/nice.csv. Total items: 7.
2024-09-25 22:19:54,356 - INFO - Starting scrape for https://www.nice.org.uk/news/articles
2024-09-25 22:19:55,175 - INFO - Data saved to databases/nice.csv. Total items: 7.
2024-09-25 23:20:31,331 - INFO - Starting scrape for https://www.nice.org.uk/news/articles
2024-09-25 23:20:31,943 - INFO - Data saved to databases/nice.csv. Total items: 7.
2024-09-26 01:01:25,657 - INFO - Starting scrape for https://www.nice.org.uk/news/articles
2024-09-26 01:01:26,437 - INFO - Data saved to databases/nice.csv. Total items: 7.
2024-09-26 02:45:06,969 - INFO - Starting scrape for https://www.nice.org.uk/news/articles
2024-09-26 02:45:07,431 - INFO - Data saved to databases/nice.csv. Total items: 7.
2024-09-26 04:17:08,962 - INFO - Starting scrape for https://www.nice.org.uk/news/articles
2024-09-26 04:17:09,600 - INFO - Data saved to databases/nice.csv. Total items: 7.
2024-09-26 06:19:30,746 - INFO - Starting scrape for https://www.nice.org.uk/news/articles
2024-09-26 06:19:31,588 - INFO - Data saved to databases/nice.csv. Total items: 7.
2024-09-26 08:18:20,121 - INFO - Starting scrape for https://www.nice.org.uk/news/articles
2024-09-26 08:18:20,785 - INFO - Data saved to databases/nice.csv. Total items: 7.
2024-09-26 09:26:10,220 - INFO - Starting scrape for https://www.nice.org.uk/news/articles
2024-09-26 09:26:11,240 - INFO - Data saved to databases/nice.csv. Total items: 7.
2024-09-26 09:43:47,903 - INFO - Starting scrape for https://www.nice.org.uk/news/articles
2024-09-26 09:43:48,535 - INFO - Data saved to databases/nice.csv. Total items: 7.
2024-09-26 09:56:48,595 - INFO - Starting scrape for https://www.nice.org.uk/news/articles
2024-09-26 09:56:49,462 - INFO - Data saved to databases/nice.csv. Total items: 7.
2024-09-26 10:26:05,952 - INFO - Starting scrape for https://www.nice.org.uk/news/articles
2024-09-26 10:26:06,683 - INFO - Data saved to databases/nice.csv. Total items: 7.
2024-09-26 10:30:51,722 - INFO - Starting scrape for https://www.nice.org.uk/news/articles
2024-09-26 10:30:52,577 - INFO - Data saved to databases/nice.csv. Total items: 7.
2024-09-26 10:44:06,510 - INFO - Starting scrape for https://www.nice.org.uk/news/articles
2024-09-26 10:44:07,220 - INFO - Data saved to databases/nice.csv. Total items: 7.
2024-09-26 10:57:05,154 - INFO - Starting scrape for https://www.nice.org.uk/news/articles
2024-09-26 10:57:05,718 - INFO - Data saved to databases/nice.csv. Total items: 7.
2024-09-26 11:20:36,336 - INFO - Starting scrape for https://www.nice.org.uk/news/articles
2024-09-26 11:20:36,861 - INFO - Data saved to databases/nice.csv. Total items: 7.
2024-09-26 11:40:58,161 - INFO - Starting scrape for https://www.nice.org.uk/news/articles
2024-09-26 11:40:58,870 - INFO - Data saved to databases/nice.csv. Total items: 7.
2024-09-26 11:54:25,984 - INFO - Starting scrape for https://www.nice.org.uk/news/articles
2024-09-26 11:54:26,780 - INFO - Data saved to databases/nice.csv. Total items: 7.
2024-09-26 12:47:31,668 - INFO - Starting scrape for https://www.nice.org.uk/news/articles
2024-09-26 12:47:32,808 - INFO - Data saved to databases/nice.csv. Total items: 7.
2024-09-26 13:30:51,739 - INFO - Starting scrape for https://www.nice.org.uk/news/articles
2024-09-26 13:30:52,600 - INFO - Data saved to databases/nice.csv. Total items: 7.
2024-09-26 13:46:11,245 - INFO - Starting scrape for https://www.nice.org.uk/news/articles
2024-09-26 13:46:12,556 - INFO - Data saved to databases/nice.csv. Total items: 7.
2024-09-26 13:59:20,245 - INFO - Starting scrape for https://www.nice.org.uk/news/articles
2024-09-26 13:59:20,975 - INFO - Data saved to databases/nice.csv. Total items: 7.
2024-09-26 14:27:57,861 - INFO - Starting scrape for https://www.nice.org.uk/news/articles
2024-09-26 14:27:58,862 - INFO - Data saved to databases/nice.csv. Total items: 7.
2024-09-26 14:45:03,594 - INFO - Starting scrape for https://www.nice.org.uk/news/articles
2024-09-26 14:45:04,241 - INFO - Data saved to databases/nice.csv. Total items: 7.
2024-09-26 14:58:15,057 - INFO - Starting scrape for https://www.nice.org.uk/news/articles
2024-09-26 14:58:15,744 - INFO - Data saved to databases/nice.csv. Total items: 7.
2024-09-26 15:26:43,380 - INFO - Starting scrape for https://www.nice.org.uk/news/articles
2024-09-26 15:26:44,190 - INFO - Data saved to databases/nice.csv. Total items: 7.
2024-09-26 15:42:51,053 - INFO - Starting scrape for https://www.nice.org.uk/news/articles
2024-09-26 15:42:51,698 - INFO - Data saved to databases/nice.csv. Total items: 7.
2024-09-26 15:55:48,857 - INFO - Starting scrape for https://www.nice.org.uk/news/articles
2024-09-26 15:55:49,624 - INFO - Data saved to databases/nice.csv. Total items: 7.
2024-09-26 16:30:03,510 - INFO - Starting scrape for https://www.nice.org.uk/news/articles
2024-09-26 16:30:04,122 - INFO - Data saved to databases/nice.csv. Total items: 7.
2024-09-26 16:49:10,330 - INFO - Starting scrape for https://www.nice.org.uk/news/articles
2024-09-26 16:49:10,960 - INFO - Data saved to databases/nice.csv. Total items: 7.
2024-09-26 17:23:04,030 - INFO - Starting scrape for https://www.nice.org.uk/news/articles
2024-09-26 17:23:04,853 - INFO - Data saved to databases/nice.csv. Total items: 7.
2024-09-26 17:43:45,218 - INFO - Starting scrape for https://www.nice.org.uk/news/articles
2024-09-26 17:43:46,066 - INFO - Data saved to databases/nice.csv. Total items: 7.
2024-09-26 17:56:15,273 - INFO - Starting scrape for https://www.nice.org.uk/news/articles
2024-09-26 17:56:16,292 - INFO - Data saved to databases/nice.csv. Total items: 7.
2024-09-26 18:27:50,533 - INFO - Starting scrape for https://www.nice.org.uk/news/articles
2024-09-26 18:27:51,782 - INFO - Data saved to databases/nice.csv. Total items: 7.
2024-09-26 19:01:31,702 - INFO - Starting scrape for https://www.nice.org.uk/news/articles
2024-09-26 19:01:32,337 - INFO - Data saved to databases/nice.csv. Total items: 7.
2024-09-26 19:17:17,152 - INFO - Starting scrape for https://www.nice.org.uk/news/articles
2024-09-26 19:17:17,880 - INFO - Data saved to databases/nice.csv. Total items: 7.
2024-09-26 19:30:15,913 - INFO - Starting scrape for https://www.nice.org.uk/news/articles
2024-09-26 19:30:16,425 - INFO - Data saved to databases/nice.csv. Total items: 7.
2024-09-26 20:23:05,845 - INFO - Starting scrape for https://www.nice.org.uk/news/articles
2024-09-26 20:23:07,006 - INFO - Data saved to databases/nice.csv. Total items: 7.
2024-09-26 21:19:57,540 - INFO - Starting scrape for https://www.nice.org.uk/news/articles
2024-09-26 21:19:58,378 - INFO - Data saved to databases/nice.csv. Total items: 7.
2024-09-26 22:20:31,165 - INFO - Starting scrape for https://www.nice.org.uk/news/articles
2024-09-26 22:20:32,079 - INFO - Data saved to databases/nice.csv. Total items: 7.
2024-09-26 23:21:20,203 - INFO - Starting scrape for https://www.nice.org.uk/news/articles
2024-09-26 23:21:20,833 - INFO - Data saved to databases/nice.csv. Total items: 7.
2024-09-27 01:01:20,891 - INFO - Starting scrape for https://www.nice.org.uk/news/articles
2024-09-27 01:01:21,882 - INFO - Data saved to databases/nice.csv. Total items: 7.
2024-09-27 02:47:15,765 - INFO - Starting scrape for https://www.nice.org.uk/news/articles
2024-09-27 02:47:16,398 - INFO - Data saved to databases/nice.csv. Total items: 7.
2024-09-27 04:17:09,751 - INFO - Starting scrape for https://www.nice.org.uk/news/articles
2024-09-27 04:17:10,493 - INFO - Data saved to databases/nice.csv. Total items: 7.
2024-09-27 06:20:14,697 - INFO - Starting scrape for https://www.nice.org.uk/news/articles
2024-09-27 06:20:15,649 - INFO - Data saved to databases/nice.csv. Total items: 7.
2024-09-27 08:18:26,947 - INFO - Starting scrape for https://www.nice.org.uk/news/articles
2024-09-27 08:18:27,751 - INFO - Data saved to databases/nice.csv. Total items: 7.
2024-09-27 09:25:51,143 - INFO - Starting scrape for https://www.nice.org.uk/news/articles
2024-09-27 09:25:51,836 - INFO - Data saved to databases/nice.csv. Total items: 7.
2024-09-27 09:42:22,127 - INFO - Starting scrape for https://www.nice.org.uk/news/articles
2024-09-27 09:42:23,224 - INFO - Data saved to databases/nice.csv. Total items: 7.
2024-09-27 09:55:22,699 - INFO - Starting scrape for https://www.nice.org.uk/news/articles
2024-09-27 09:55:23,504 - INFO - Data saved to databases/nice.csv. Total items: 7.
2024-09-27 10:25:57,905 - INFO - Starting scrape for https://www.nice.org.uk/news/articles
2024-09-27 10:25:58,790 - INFO - Data saved to databases/nice.csv. Total items: 7.
2024-09-27 10:44:42,763 - INFO - Starting scrape for https://www.nice.org.uk/news/articles
2024-09-27 10:44:43,756 - INFO - Data saved to databases/nice.csv. Total items: 7.
2024-09-27 10:57:37,295 - INFO - Starting scrape for https://www.nice.org.uk/news/articles
2024-09-27 10:57:37,958 - INFO - Data saved to databases/nice.csv. Total items: 7.
2024-09-27 11:22:00,076 - INFO - Starting scrape for https://www.nice.org.uk/news/articles
2024-09-27 11:22:01,053 - INFO - Data saved to databases/nice.csv. Total items: 7.
2024-09-27 11:40:20,268 - INFO - Starting scrape for https://www.nice.org.uk/news/articles
2024-09-27 11:40:21,029 - INFO - Data saved to databases/nice.csv. Total items: 7.
2024-09-27 11:54:39,840 - INFO - Starting scrape for https://www.nice.org.uk/news/articles
2024-09-27 11:54:40,599 - INFO - Data saved to databases/nice.csv. Total items: 7.
2024-09-27 12:46:07,881 - INFO - Starting scrape for https://www.nice.org.uk/news/articles
2024-09-27 12:46:08,918 - INFO - Data saved to databases/nice.csv. Total items: 7.
2024-09-27 13:15:46,752 - INFO - Starting scrape for https://www.nice.org.uk/news/articles
2024-09-27 13:15:47,310 - INFO - Data saved to databases/nice.csv. Total items: 7.
2024-09-27 13:37:36,817 - INFO - Starting scrape for https://www.nice.org.uk/news/articles
2024-09-27 13:37:37,600 - INFO - Data saved to databases/nice.csv. Total items: 7.
2024-09-27 13:55:01,627 - INFO - Starting scrape for https://www.nice.org.uk/news/articles
2024-09-27 13:55:02,355 - INFO - Data saved to databases/nice.csv. Total items: 7.
2024-09-27 14:23:36,185 - INFO - Starting scrape for https://www.nice.org.uk/news/articles
2024-09-27 14:23:37,586 - INFO - Data saved to databases/nice.csv. Total items: 7.
2024-09-27 14:43:38,984 - INFO - Starting scrape for https://www.nice.org.uk/news/articles
2024-09-27 14:43:39,715 - INFO - Data saved to databases/nice.csv. Total items: 7.
2024-09-27 14:56:53,971 - INFO - Starting scrape for https://www.nice.org.uk/news/articles
2024-09-27 14:56:54,831 - INFO - Data saved to databases/nice.csv. Total items: 7.
2024-09-27 15:24:06,686 - INFO - Starting scrape for https://www.nice.org.uk/news/articles
2024-09-27 15:24:07,508 - INFO - Data saved to databases/nice.csv. Total items: 7.
2024-09-27 15:42:41,194 - INFO - Starting scrape for https://www.nice.org.uk/news/articles
2024-09-27 15:42:42,049 - INFO - Data saved to databases/nice.csv. Total items: 7.
2024-09-27 15:55:31,568 - INFO - Starting scrape for https://www.nice.org.uk/news/articles
2024-09-27 15:55:32,079 - INFO - Data saved to databases/nice.csv. Total items: 7.
2024-09-27 16:29:26,862 - INFO - Starting scrape for https://www.nice.org.uk/news/articles
2024-09-27 16:29:27,462 - INFO - Data saved to databases/nice.csv. Total items: 7.
2024-09-27 16:48:19,891 - INFO - Starting scrape for https://www.nice.org.uk/news/articles
2024-09-27 16:48:21,026 - INFO - Data saved to databases/nice.csv. Total items: 7.
2024-09-27 17:21:52,060 - INFO - Starting scrape for https://www.nice.org.uk/news/articles
2024-09-27 17:21:52,938 - INFO - Data saved to databases/nice.csv. Total items: 7.
2024-09-27 17:42:01,951 - INFO - Starting scrape for https://www.nice.org.uk/news/articles
2024-09-27 17:42:02,502 - INFO - Data saved to databases/nice.csv. Total items: 7.
2024-09-27 17:55:18,255 - INFO - Starting scrape for https://www.nice.org.uk/news/articles
2024-09-27 17:55:19,193 - INFO - Data saved to databases/nice.csv. Total items: 7.
2024-09-27 18:29:12,080 - INFO - Starting scrape for https://www.nice.org.uk/news/articles
2024-09-27 18:29:12,760 - INFO - Data saved to databases/nice.csv. Total items: 7.
2024-09-27 19:18:07,513 - INFO - Starting scrape for https://www.nice.org.uk/news/articles
2024-09-27 19:18:08,079 - INFO - Data saved to databases/nice.csv. Total items: 7.
2024-09-27 20:23:18,380 - INFO - Starting scrape for https://www.nice.org.uk/news/articles
2024-09-27 20:23:19,338 - INFO - Data saved to databases/nice.csv. Total items: 7.
2024-09-27 21:20:16,734 - INFO - Starting scrape for https://www.nice.org.uk/news/articles
2024-09-27 21:20:17,546 - INFO - Data saved to databases/nice.csv. Total items: 7.
2024-09-27 22:20:16,333 - INFO - Starting scrape for https://www.nice.org.uk/news/articles
2024-09-27 22:20:17,049 - INFO - Data saved to databases/nice.csv. Total items: 7.
2024-09-27 23:20:40,365 - INFO - Starting scrape for https://www.nice.org.uk/news/articles
2024-09-27 23:20:41,164 - INFO - Data saved to databases/nice.csv. Total items: 7.
2024-09-28 01:06:26,475 - INFO - Starting scrape for https://www.nice.org.uk/news/articles
2024-09-28 01:06:26,909 - INFO - Data saved to databases/nice.csv. Total items: 7.
2024-09-28 04:17:49,757 - INFO - Starting scrape for https://www.nice.org.uk/news/articles
2024-09-28 04:17:50,572 - INFO - Data saved to databases/nice.csv. Total items: 7.
2024-09-28 14:35:41,241 - INFO - Starting scrape for https://www.nice.org.uk/news/articles
2024-09-28 14:35:41,775 - INFO - Data saved to databases/nice.csv. Total items: 7.
