2024-09-29 07:08:25,895 - INFO - Starting scrape for https://www.nih.gov/health-information/nih-clinical-research-trials-you/news
2024-09-29 07:08:26,100 - INFO - Processed item: Drug Combo JAKs Up Immunotherapy in Two Clinical Trials - 2024-08-08
2024-09-29 07:08:26,100 - INFO - Processed item: Vigorous exercise not linked to increased risk of adverse cardiac events in long QT syndrome - 2024-07-25
2024-09-29 07:08:26,100 - INFO - Processed item: Immunotherapy approach shows potential in some people with metastatic solid tumors - 2024-07-11
2024-09-29 07:08:26,101 - INFO - Processed item: Trial Establishes Preferred Treatment for Some People with Esophageal Cancer - 2024-07-09
2024-09-29 07:08:26,101 - INFO - Processed item: Experimental mRNA Vaccine Hints at Potential Against Glioblastoma - 2024-06-11
2024-09-29 07:08:26,101 - INFO - Total items processed: 5
2024-09-29 07:08:26,781 - INFO - Data saved to Firestore. Total items: 5.
2024-09-29 07:08:26,781 - INFO - Scraping completed.
2024-09-29 07:23:01,333 - INFO - Starting scrape for https://www.nih.gov/health-information/nih-clinical-research-trials-you/news
2024-09-29 07:23:01,797 - INFO - Processed item: Drug Combo JAKs Up Immunotherapy in Two Clinical Trials - 2024-08-08
2024-09-29 07:23:01,797 - INFO - Processed item: Vigorous exercise not linked to increased risk of adverse cardiac events in long QT syndrome - 2024-07-25
2024-09-29 07:23:01,798 - INFO - Processed item: Immunotherapy approach shows potential in some people with metastatic solid tumors - 2024-07-11
2024-09-29 07:23:01,798 - INFO - Processed item: Trial Establishes Preferred Treatment for Some People with Esophageal Cancer - 2024-07-09
2024-09-29 07:23:01,798 - INFO - Processed item: Experimental mRNA Vaccine Hints at Potential Against Glioblastoma - 2024-06-11
2024-09-29 07:23:01,798 - INFO - Total items processed: 5
2024-09-29 07:23:02,796 - INFO - Data saved to Firestore. Total items: 5.
2024-09-29 07:23:02,797 - INFO - Scraping completed.
2024-09-29 08:18:46,871 - INFO - Starting scrape for https://www.nih.gov/health-information/nih-clinical-research-trials-you/news
2024-09-29 08:18:47,214 - INFO - Processed item: Drug Combo JAKs Up Immunotherapy in Two Clinical Trials - 2024-08-08
2024-09-29 08:18:47,214 - INFO - Processed item: Vigorous exercise not linked to increased risk of adverse cardiac events in long QT syndrome - 2024-07-25
2024-09-29 08:18:47,215 - INFO - Processed item: Immunotherapy approach shows potential in some people with metastatic solid tumors - 2024-07-11
2024-09-29 08:18:47,215 - INFO - Processed item: Trial Establishes Preferred Treatment for Some People with Esophageal Cancer - 2024-07-09
2024-09-29 08:18:47,215 - INFO - Processed item: Experimental mRNA Vaccine Hints at Potential Against Glioblastoma - 2024-06-11
2024-09-29 08:18:47,215 - INFO - Total items processed: 5
2024-09-29 08:18:47,427 - INFO - Data saved to Firestore. Total items: 5.
2024-09-29 08:18:47,427 - INFO - Scraping completed.
2024-09-29 08:29:10,237 - INFO - Starting scrape for https://www.nih.gov/health-information/nih-clinical-research-trials-you/news
2024-09-29 08:29:10,625 - INFO - Processed item: Drug Combo JAKs Up Immunotherapy in Two Clinical Trials - 2024-08-08
2024-09-29 08:29:10,625 - INFO - Processed item: Vigorous exercise not linked to increased risk of adverse cardiac events in long QT syndrome - 2024-07-25
2024-09-29 08:29:10,626 - INFO - Processed item: Immunotherapy approach shows potential in some people with metastatic solid tumors - 2024-07-11
2024-09-29 08:29:10,626 - INFO - Processed item: Trial Establishes Preferred Treatment for Some People with Esophageal Cancer - 2024-07-09
2024-09-29 08:29:10,626 - INFO - Processed item: Experimental mRNA Vaccine Hints at Potential Against Glioblastoma - 2024-06-11
2024-09-29 08:29:10,626 - INFO - Total items processed: 5
2024-09-29 08:29:10,866 - INFO - Data saved to Firestore. Total items: 5.
2024-09-29 08:29:10,867 - INFO - Scraping completed.
2024-09-29 08:42:29,052 - INFO - Starting scrape for https://www.nih.gov/health-information/nih-clinical-research-trials-you/news
2024-09-29 08:42:29,377 - INFO - Processed item: Drug Combo JAKs Up Immunotherapy in Two Clinical Trials - 2024-08-08
2024-09-29 08:42:29,377 - INFO - Processed item: Vigorous exercise not linked to increased risk of adverse cardiac events in long QT syndrome - 2024-07-25
2024-09-29 08:42:29,378 - INFO - Processed item: Immunotherapy approach shows potential in some people with metastatic solid tumors - 2024-07-11
2024-09-29 08:42:29,378 - INFO - Processed item: Trial Establishes Preferred Treatment for Some People with Esophageal Cancer - 2024-07-09
2024-09-29 08:42:29,378 - INFO - Processed item: Experimental mRNA Vaccine Hints at Potential Against Glioblastoma - 2024-06-11
2024-09-29 08:42:29,378 - INFO - Total items processed: 5
2024-09-29 08:42:30,313 - INFO - Data saved to Firestore. Total items: 5.
2024-09-29 08:42:30,314 - INFO - Scraping completed.
2024-09-29 09:17:41,617 - INFO - Starting scrape for https://www.nih.gov/health-information/nih-clinical-research-trials-you/news
2024-09-29 09:17:41,989 - INFO - Processed item: Drug Combo JAKs Up Immunotherapy in Two Clinical Trials - 2024-08-08
2024-09-29 09:17:41,990 - INFO - Processed item: Vigorous exercise not linked to increased risk of adverse cardiac events in long QT syndrome - 2024-07-25
2024-09-29 09:17:41,990 - INFO - Processed item: Immunotherapy approach shows potential in some people with metastatic solid tumors - 2024-07-11
2024-09-29 09:17:41,990 - INFO - Processed item: Trial Establishes Preferred Treatment for Some People with Esophageal Cancer - 2024-07-09
2024-09-29 09:17:41,991 - INFO - Processed item: Experimental mRNA Vaccine Hints at Potential Against Glioblastoma - 2024-06-11
2024-09-29 09:17:41,991 - INFO - Total items processed: 5
2024-09-29 09:17:42,379 - INFO - Data saved to Firestore. Total items: 5.
2024-09-29 09:17:42,379 - INFO - Scraping completed.
2024-09-29 11:14:17,283 - INFO - Starting scrape for https://www.nih.gov/health-information/nih-clinical-research-trials-you/news
2024-09-29 11:14:17,589 - INFO - Processed item: Drug Combo JAKs Up Immunotherapy in Two Clinical Trials - 2024-08-08
2024-09-29 11:14:17,589 - INFO - Processed item: Vigorous exercise not linked to increased risk of adverse cardiac events in long QT syndrome - 2024-07-25
2024-09-29 11:14:17,589 - INFO - Processed item: Immunotherapy approach shows potential in some people with metastatic solid tumors - 2024-07-11
2024-09-29 11:14:17,590 - INFO - Processed item: Trial Establishes Preferred Treatment for Some People with Esophageal Cancer - 2024-07-09
2024-09-29 11:14:17,590 - INFO - Processed item: Experimental mRNA Vaccine Hints at Potential Against Glioblastoma - 2024-06-11
2024-09-29 11:14:17,590 - INFO - Total items processed: 5
2024-09-29 11:14:17,793 - INFO - Data saved to Firestore. Total items: 5.
2024-09-29 11:14:17,793 - INFO - Scraping completed.
2024-09-29 13:20:23,066 - INFO - Starting scrape for https://www.nih.gov/health-information/nih-clinical-research-trials-you/news
2024-09-29 13:20:24,650 - INFO - Processed item: Drug Combo JAKs Up Immunotherapy in Two Clinical Trials - 2024-08-08
2024-09-29 13:20:24,650 - INFO - Processed item: Vigorous exercise not linked to increased risk of adverse cardiac events in long QT syndrome - 2024-07-25
2024-09-29 13:20:24,650 - INFO - Processed item: Immunotherapy approach shows potential in some people with metastatic solid tumors - 2024-07-11
2024-09-29 13:20:24,651 - INFO - Processed item: Trial Establishes Preferred Treatment for Some People with Esophageal Cancer - 2024-07-09
2024-09-29 13:20:24,651 - INFO - Processed item: Experimental mRNA Vaccine Hints at Potential Against Glioblastoma - 2024-06-11
2024-09-29 13:20:24,651 - INFO - Total items processed: 5
2024-09-29 13:20:24,879 - INFO - Data saved to Firestore. Total items: 5.
2024-09-29 13:20:24,879 - INFO - Scraping completed.
2024-09-29 15:17:23,503 - INFO - Starting scrape for https://www.nih.gov/health-information/nih-clinical-research-trials-you/news
2024-09-29 15:17:24,157 - INFO - Processed item: Drug Combo JAKs Up Immunotherapy in Two Clinical Trials - 2024-08-08
2024-09-29 15:17:24,157 - INFO - Processed item: Vigorous exercise not linked to increased risk of adverse cardiac events in long QT syndrome - 2024-07-25
2024-09-29 15:17:24,158 - INFO - Processed item: Immunotherapy approach shows potential in some people with metastatic solid tumors - 2024-07-11
2024-09-29 15:17:24,158 - INFO - Processed item: Trial Establishes Preferred Treatment for Some People with Esophageal Cancer - 2024-07-09
2024-09-29 15:17:24,158 - INFO - Processed item: Experimental mRNA Vaccine Hints at Potential Against Glioblastoma - 2024-06-11
2024-09-29 15:17:24,158 - INFO - Total items processed: 5
2024-09-29 15:17:24,437 - INFO - Data saved to Firestore. Total items: 5.
2024-09-29 15:17:24,437 - INFO - Scraping completed.
2024-09-29 17:14:01,103 - INFO - Starting scrape for https://www.nih.gov/health-information/nih-clinical-research-trials-you/news
2024-09-29 17:14:01,548 - INFO - Processed item: Drug Combo JAKs Up Immunotherapy in Two Clinical Trials - 2024-08-08
2024-09-29 17:14:01,548 - INFO - Processed item: Vigorous exercise not linked to increased risk of adverse cardiac events in long QT syndrome - 2024-07-25
2024-09-29 17:14:01,548 - INFO - Processed item: Immunotherapy approach shows potential in some people with metastatic solid tumors - 2024-07-11
2024-09-29 17:14:01,549 - INFO - Processed item: Trial Establishes Preferred Treatment for Some People with Esophageal Cancer - 2024-07-09
2024-09-29 17:14:01,549 - INFO - Processed item: Experimental mRNA Vaccine Hints at Potential Against Glioblastoma - 2024-06-11
2024-09-29 17:14:01,549 - INFO - Total items processed: 5
2024-09-29 17:14:01,910 - INFO - Data saved to Firestore. Total items: 5.
2024-09-29 17:14:01,910 - INFO - Scraping completed.
2024-09-29 19:13:38,084 - INFO - Starting scrape for https://www.nih.gov/health-information/nih-clinical-research-trials-you/news
2024-09-29 19:13:38,486 - INFO - Processed item: Drug Combo JAKs Up Immunotherapy in Two Clinical Trials - 2024-08-08
2024-09-29 19:13:38,487 - INFO - Processed item: Vigorous exercise not linked to increased risk of adverse cardiac events in long QT syndrome - 2024-07-25
2024-09-29 19:13:38,487 - INFO - Processed item: Immunotherapy approach shows potential in some people with metastatic solid tumors - 2024-07-11
2024-09-29 19:13:38,487 - INFO - Processed item: Trial Establishes Preferred Treatment for Some People with Esophageal Cancer - 2024-07-09
2024-09-29 19:13:38,487 - INFO - Processed item: Experimental mRNA Vaccine Hints at Potential Against Glioblastoma - 2024-06-11
2024-09-29 19:13:38,487 - INFO - Total items processed: 5
2024-09-29 19:13:39,074 - INFO - Data saved to Firestore. Total items: 5.
2024-09-29 19:13:39,074 - INFO - Scraping completed.
2024-09-29 21:15:17,590 - INFO - Starting scrape for https://www.nih.gov/health-information/nih-clinical-research-trials-you/news
2024-09-29 21:15:17,978 - INFO - Processed item: Drug Combo JAKs Up Immunotherapy in Two Clinical Trials - 2024-08-08
2024-09-29 21:15:17,979 - INFO - Processed item: Vigorous exercise not linked to increased risk of adverse cardiac events in long QT syndrome - 2024-07-25
2024-09-29 21:15:17,979 - INFO - Processed item: Immunotherapy approach shows potential in some people with metastatic solid tumors - 2024-07-11
2024-09-29 21:15:17,979 - INFO - Processed item: Trial Establishes Preferred Treatment for Some People with Esophageal Cancer - 2024-07-09
2024-09-29 21:15:17,980 - INFO - Processed item: Experimental mRNA Vaccine Hints at Potential Against Glioblastoma - 2024-06-11
2024-09-29 21:15:17,980 - INFO - Total items processed: 5
2024-09-29 21:15:18,919 - INFO - Data saved to Firestore. Total items: 5.
2024-09-29 21:15:18,919 - INFO - Scraping completed.
2024-09-29 23:15:48,994 - INFO - Starting scrape for https://www.nih.gov/health-information/nih-clinical-research-trials-you/news
2024-09-29 23:15:49,302 - INFO - Processed item: Drug Combo JAKs Up Immunotherapy in Two Clinical Trials - 2024-08-08
2024-09-29 23:15:49,303 - INFO - Processed item: Vigorous exercise not linked to increased risk of adverse cardiac events in long QT syndrome - 2024-07-25
2024-09-29 23:15:49,303 - INFO - Processed item: Immunotherapy approach shows potential in some people with metastatic solid tumors - 2024-07-11
2024-09-29 23:15:49,303 - INFO - Processed item: Trial Establishes Preferred Treatment for Some People with Esophageal Cancer - 2024-07-09
2024-09-29 23:15:49,304 - INFO - Processed item: Experimental mRNA Vaccine Hints at Potential Against Glioblastoma - 2024-06-11
2024-09-29 23:15:49,304 - INFO - Total items processed: 5
2024-09-29 23:15:49,511 - INFO - Data saved to Firestore. Total items: 5.
2024-09-29 23:15:49,511 - INFO - Scraping completed.
2024-09-30 01:03:53,642 - INFO - Starting scrape for https://www.nih.gov/health-information/nih-clinical-research-trials-you/news
2024-09-30 01:03:54,120 - INFO - Processed item: Drug Combo JAKs Up Immunotherapy in Two Clinical Trials - 2024-08-08
2024-09-30 01:03:54,120 - INFO - Processed item: Vigorous exercise not linked to increased risk of adverse cardiac events in long QT syndrome - 2024-07-25
2024-09-30 01:03:54,120 - INFO - Processed item: Immunotherapy approach shows potential in some people with metastatic solid tumors - 2024-07-11
2024-09-30 01:03:54,121 - INFO - Processed item: Trial Establishes Preferred Treatment for Some People with Esophageal Cancer - 2024-07-09
2024-09-30 01:03:54,121 - INFO - Processed item: Experimental mRNA Vaccine Hints at Potential Against Glioblastoma - 2024-06-11
2024-09-30 01:03:54,121 - INFO - Total items processed: 5
2024-09-30 01:03:54,477 - INFO - Data saved to Firestore. Total items: 5.
2024-09-30 01:03:54,477 - INFO - Scraping completed.
2024-09-30 02:53:35,364 - INFO - Starting scrape for https://www.nih.gov/health-information/nih-clinical-research-trials-you/news
2024-09-30 02:53:35,671 - INFO - Processed item: Drug Combo JAKs Up Immunotherapy in Two Clinical Trials - 2024-08-08
2024-09-30 02:53:35,672 - INFO - Processed item: Vigorous exercise not linked to increased risk of adverse cardiac events in long QT syndrome - 2024-07-25
2024-09-30 02:53:35,672 - INFO - Processed item: Immunotherapy approach shows potential in some people with metastatic solid tumors - 2024-07-11
2024-09-30 02:53:35,672 - INFO - Processed item: Trial Establishes Preferred Treatment for Some People with Esophageal Cancer - 2024-07-09
2024-09-30 02:53:35,673 - INFO - Processed item: Experimental mRNA Vaccine Hints at Potential Against Glioblastoma - 2024-06-11
2024-09-30 02:53:35,673 - INFO - Total items processed: 5
2024-09-30 02:53:35,904 - INFO - Data saved to Firestore. Total items: 5.
2024-09-30 02:53:35,905 - INFO - Scraping completed.
2024-09-30 04:17:40,231 - INFO - Starting scrape for https://www.nih.gov/health-information/nih-clinical-research-trials-you/news
2024-09-30 04:17:40,557 - INFO - Processed item: Drug Combo JAKs Up Immunotherapy in Two Clinical Trials - 2024-08-08
2024-09-30 04:17:40,558 - INFO - Processed item: Vigorous exercise not linked to increased risk of adverse cardiac events in long QT syndrome - 2024-07-25
2024-09-30 04:17:40,558 - INFO - Processed item: Immunotherapy approach shows potential in some people with metastatic solid tumors - 2024-07-11
2024-09-30 04:17:40,558 - INFO - Processed item: Trial Establishes Preferred Treatment for Some People with Esophageal Cancer - 2024-07-09
2024-09-30 04:17:40,559 - INFO - Processed item: Experimental mRNA Vaccine Hints at Potential Against Glioblastoma - 2024-06-11
2024-09-30 04:17:40,559 - INFO - Total items processed: 5
2024-09-30 04:17:40,790 - INFO - Data saved to Firestore. Total items: 5.
2024-09-30 04:17:40,790 - INFO - Scraping completed.
2024-09-30 06:20:36,355 - INFO - Starting scrape for https://www.nih.gov/health-information/nih-clinical-research-trials-you/news
2024-09-30 06:20:37,902 - INFO - Processed item: Drug Combo JAKs Up Immunotherapy in Two Clinical Trials - 2024-08-08
2024-09-30 06:20:37,902 - INFO - Processed item: Vigorous exercise not linked to increased risk of adverse cardiac events in long QT syndrome - 2024-07-25
2024-09-30 06:20:37,902 - INFO - Processed item: Immunotherapy approach shows potential in some people with metastatic solid tumors - 2024-07-11
2024-09-30 06:20:37,903 - INFO - Processed item: Trial Establishes Preferred Treatment for Some People with Esophageal Cancer - 2024-07-09
2024-09-30 06:20:37,903 - INFO - Processed item: Experimental mRNA Vaccine Hints at Potential Against Glioblastoma - 2024-06-11
2024-09-30 06:20:37,903 - INFO - Total items processed: 5
2024-09-30 06:20:38,563 - INFO - Data saved to Firestore. Total items: 5.
2024-09-30 06:20:38,563 - INFO - Scraping completed.
2024-09-30 08:20:16,251 - INFO - Starting scrape for https://www.nih.gov/health-information/nih-clinical-research-trials-you/news
2024-09-30 08:20:16,517 - INFO - Processed item: Drug Combo JAKs Up Immunotherapy in Two Clinical Trials - 2024-08-08
2024-09-30 08:20:16,518 - INFO - Processed item: Vigorous exercise not linked to increased risk of adverse cardiac events in long QT syndrome - 2024-07-25
2024-09-30 08:20:16,518 - INFO - Processed item: Immunotherapy approach shows potential in some people with metastatic solid tumors - 2024-07-11
2024-09-30 08:20:16,519 - INFO - Processed item: Trial Establishes Preferred Treatment for Some People with Esophageal Cancer - 2024-07-09
2024-09-30 08:20:16,519 - INFO - Processed item: Experimental mRNA Vaccine Hints at Potential Against Glioblastoma - 2024-06-11
2024-09-30 08:20:16,519 - INFO - Total items processed: 5
2024-09-30 08:20:17,108 - INFO - Data saved to Firestore. Total items: 5.
2024-09-30 08:20:17,108 - INFO - Scraping completed.
2024-09-30 09:28:20,147 - INFO - Starting scrape for https://www.nih.gov/health-information/nih-clinical-research-trials-you/news
2024-09-30 09:28:20,481 - INFO - Processed item: Drug Combo JAKs Up Immunotherapy in Two Clinical Trials - 2024-08-08
2024-09-30 09:28:20,481 - INFO - Processed item: Vigorous exercise not linked to increased risk of adverse cardiac events in long QT syndrome - 2024-07-25
2024-09-30 09:28:20,481 - INFO - Processed item: Immunotherapy approach shows potential in some people with metastatic solid tumors - 2024-07-11
2024-09-30 09:28:20,482 - INFO - Processed item: Trial Establishes Preferred Treatment for Some People with Esophageal Cancer - 2024-07-09
2024-09-30 09:28:20,482 - INFO - Processed item: Experimental mRNA Vaccine Hints at Potential Against Glioblastoma - 2024-06-11
2024-09-30 09:28:20,482 - INFO - Total items processed: 5
2024-09-30 09:28:21,445 - INFO - Data saved to Firestore. Total items: 5.
2024-09-30 09:28:21,445 - INFO - Scraping completed.
2024-09-30 09:44:14,117 - INFO - Starting scrape for https://www.nih.gov/health-information/nih-clinical-research-trials-you/news
2024-09-30 09:44:14,811 - INFO - Processed item: Drug Combo JAKs Up Immunotherapy in Two Clinical Trials - 2024-08-08
2024-09-30 09:44:14,811 - INFO - Processed item: Vigorous exercise not linked to increased risk of adverse cardiac events in long QT syndrome - 2024-07-25
2024-09-30 09:44:14,811 - INFO - Processed item: Immunotherapy approach shows potential in some people with metastatic solid tumors - 2024-07-11
2024-09-30 09:44:14,812 - INFO - Processed item: Trial Establishes Preferred Treatment for Some People with Esophageal Cancer - 2024-07-09
2024-09-30 09:44:14,812 - INFO - Processed item: Experimental mRNA Vaccine Hints at Potential Against Glioblastoma - 2024-06-11
2024-09-30 09:44:14,812 - INFO - Total items processed: 5
2024-09-30 09:44:15,111 - INFO - Data saved to Firestore. Total items: 5.
2024-09-30 09:44:15,111 - INFO - Scraping completed.
2024-09-30 09:57:13,125 - INFO - Starting scrape for https://www.nih.gov/health-information/nih-clinical-research-trials-you/news
2024-09-30 09:57:13,424 - INFO - Processed item: Drug Combo JAKs Up Immunotherapy in Two Clinical Trials - 2024-08-08
2024-09-30 09:57:13,424 - INFO - Processed item: Vigorous exercise not linked to increased risk of adverse cardiac events in long QT syndrome - 2024-07-25
2024-09-30 09:57:13,425 - INFO - Processed item: Immunotherapy approach shows potential in some people with metastatic solid tumors - 2024-07-11
2024-09-30 09:57:13,425 - INFO - Processed item: Trial Establishes Preferred Treatment for Some People with Esophageal Cancer - 2024-07-09
2024-09-30 09:57:13,425 - INFO - Processed item: Experimental mRNA Vaccine Hints at Potential Against Glioblastoma - 2024-06-11
2024-09-30 09:57:13,425 - INFO - Total items processed: 5
2024-09-30 09:57:13,649 - INFO - Data saved to Firestore. Total items: 5.
2024-09-30 09:57:13,649 - INFO - Scraping completed.
2024-09-30 10:28:25,275 - INFO - Starting scrape for https://www.nih.gov/health-information/nih-clinical-research-trials-you/news
2024-09-30 10:28:25,586 - INFO - Processed item: Drug Combo JAKs Up Immunotherapy in Two Clinical Trials - 2024-08-08
2024-09-30 10:28:25,586 - INFO - Processed item: Vigorous exercise not linked to increased risk of adverse cardiac events in long QT syndrome - 2024-07-25
2024-09-30 10:28:25,586 - INFO - Processed item: Immunotherapy approach shows potential in some people with metastatic solid tumors - 2024-07-11
2024-09-30 10:28:25,587 - INFO - Processed item: Trial Establishes Preferred Treatment for Some People with Esophageal Cancer - 2024-07-09
2024-09-30 10:28:25,587 - INFO - Processed item: Experimental mRNA Vaccine Hints at Potential Against Glioblastoma - 2024-06-11
2024-09-30 10:28:25,587 - INFO - Total items processed: 5
2024-09-30 10:28:25,881 - INFO - Data saved to Firestore. Total items: 5.
2024-09-30 10:28:25,882 - INFO - Scraping completed.
2024-09-30 10:46:52,074 - INFO - Starting scrape for https://www.nih.gov/health-information/nih-clinical-research-trials-you/news
2024-09-30 10:46:52,376 - INFO - Processed item: Drug Combo JAKs Up Immunotherapy in Two Clinical Trials - 2024-08-08
2024-09-30 10:46:52,376 - INFO - Processed item: Vigorous exercise not linked to increased risk of adverse cardiac events in long QT syndrome - 2024-07-25
2024-09-30 10:46:52,376 - INFO - Processed item: Immunotherapy approach shows potential in some people with metastatic solid tumors - 2024-07-11
2024-09-30 10:46:52,377 - INFO - Processed item: Trial Establishes Preferred Treatment for Some People with Esophageal Cancer - 2024-07-09
2024-09-30 10:46:52,377 - INFO - Processed item: Experimental mRNA Vaccine Hints at Potential Against Glioblastoma - 2024-06-11
2024-09-30 10:46:52,377 - INFO - Total items processed: 5
2024-09-30 10:46:53,340 - INFO - Data saved to Firestore. Total items: 5.
2024-09-30 10:46:53,341 - INFO - Scraping completed.
2024-09-30 10:59:54,660 - INFO - Starting scrape for https://www.nih.gov/health-information/nih-clinical-research-trials-you/news
2024-09-30 10:59:54,932 - INFO - Processed item: Drug Combo JAKs Up Immunotherapy in Two Clinical Trials - 2024-08-08
2024-09-30 10:59:54,932 - INFO - Processed item: Vigorous exercise not linked to increased risk of adverse cardiac events in long QT syndrome - 2024-07-25
2024-09-30 10:59:54,933 - INFO - Processed item: Immunotherapy approach shows potential in some people with metastatic solid tumors - 2024-07-11
2024-09-30 10:59:54,933 - INFO - Processed item: Trial Establishes Preferred Treatment for Some People with Esophageal Cancer - 2024-07-09
2024-09-30 10:59:54,933 - INFO - Processed item: Experimental mRNA Vaccine Hints at Potential Against Glioblastoma - 2024-06-11
2024-09-30 10:59:54,933 - INFO - Total items processed: 5
2024-09-30 10:59:55,885 - INFO - Data saved to Firestore. Total items: 5.
2024-09-30 10:59:55,885 - INFO - Scraping completed.
2024-09-30 11:22:03,968 - INFO - Starting scrape for https://www.nih.gov/health-information/nih-clinical-research-trials-you/news
2024-09-30 11:22:04,272 - INFO - Processed item: Drug Combo JAKs Up Immunotherapy in Two Clinical Trials - 2024-08-08
2024-09-30 11:22:04,273 - INFO - Processed item: Vigorous exercise not linked to increased risk of adverse cardiac events in long QT syndrome - 2024-07-25
2024-09-30 11:22:04,273 - INFO - Processed item: Immunotherapy approach shows potential in some people with metastatic solid tumors - 2024-07-11
2024-09-30 11:22:04,273 - INFO - Processed item: Trial Establishes Preferred Treatment for Some People with Esophageal Cancer - 2024-07-09
2024-09-30 11:22:04,274 - INFO - Processed item: Experimental mRNA Vaccine Hints at Potential Against Glioblastoma - 2024-06-11
2024-09-30 11:22:04,274 - INFO - Total items processed: 5
2024-09-30 11:22:04,485 - INFO - Data saved to Firestore. Total items: 5.
2024-09-30 11:22:04,485 - INFO - Scraping completed.
2024-09-30 11:40:33,629 - INFO - Starting scrape for https://www.nih.gov/health-information/nih-clinical-research-trials-you/news
2024-09-30 11:40:33,922 - INFO - Processed item: Drug Combo JAKs Up Immunotherapy in Two Clinical Trials - 2024-08-08
2024-09-30 11:40:33,922 - INFO - Processed item: Vigorous exercise not linked to increased risk of adverse cardiac events in long QT syndrome - 2024-07-25
2024-09-30 11:40:33,922 - INFO - Processed item: Immunotherapy approach shows potential in some people with metastatic solid tumors - 2024-07-11
2024-09-30 11:40:33,923 - INFO - Processed item: Trial Establishes Preferred Treatment for Some People with Esophageal Cancer - 2024-07-09
2024-09-30 11:40:33,923 - INFO - Processed item: Experimental mRNA Vaccine Hints at Potential Against Glioblastoma - 2024-06-11
2024-09-30 11:40:33,923 - INFO - Total items processed: 5
2024-09-30 11:40:34,213 - INFO - Data saved to Firestore. Total items: 5.
2024-09-30 11:40:34,213 - INFO - Scraping completed.
2024-09-30 11:54:55,399 - INFO - Starting scrape for https://www.nih.gov/health-information/nih-clinical-research-trials-you/news
2024-09-30 11:54:55,752 - INFO - Processed item: Drug Combo JAKs Up Immunotherapy in Two Clinical Trials - 2024-08-08
2024-09-30 11:54:55,752 - INFO - Processed item: Vigorous exercise not linked to increased risk of adverse cardiac events in long QT syndrome - 2024-07-25
2024-09-30 11:54:55,753 - INFO - Processed item: Immunotherapy approach shows potential in some people with metastatic solid tumors - 2024-07-11
2024-09-30 11:54:55,753 - INFO - Processed item: Trial Establishes Preferred Treatment for Some People with Esophageal Cancer - 2024-07-09
2024-09-30 11:54:55,753 - INFO - Processed item: Experimental mRNA Vaccine Hints at Potential Against Glioblastoma - 2024-06-11
2024-09-30 11:54:55,753 - INFO - Total items processed: 5
2024-09-30 11:54:55,960 - INFO - Data saved to Firestore. Total items: 5.
2024-09-30 11:54:55,961 - INFO - Scraping completed.
2024-09-30 12:48:54,526 - INFO - Starting scrape for https://www.nih.gov/health-information/nih-clinical-research-trials-you/news
2024-09-30 12:48:54,865 - INFO - Processed item: Drug Combo JAKs Up Immunotherapy in Two Clinical Trials - 2024-08-08
2024-09-30 12:48:54,866 - INFO - Processed item: Vigorous exercise not linked to increased risk of adverse cardiac events in long QT syndrome - 2024-07-25
2024-09-30 12:48:54,867 - INFO - Processed item: Immunotherapy approach shows potential in some people with metastatic solid tumors - 2024-07-11
2024-09-30 12:48:54,867 - INFO - Processed item: Trial Establishes Preferred Treatment for Some People with Esophageal Cancer - 2024-07-09
2024-09-30 12:48:54,868 - INFO - Processed item: Experimental mRNA Vaccine Hints at Potential Against Glioblastoma - 2024-06-11
2024-09-30 12:48:54,868 - INFO - Total items processed: 5
2024-09-30 12:48:55,141 - INFO - Data saved to Firestore. Total items: 5.
2024-09-30 12:48:55,142 - INFO - Scraping completed.
2024-09-30 13:33:14,770 - INFO - Starting scrape for https://www.nih.gov/health-information/nih-clinical-research-trials-you/news
2024-09-30 13:33:15,063 - INFO - Processed item: Drug Combo JAKs Up Immunotherapy in Two Clinical Trials - 2024-08-08
2024-09-30 13:33:15,064 - INFO - Processed item: Vigorous exercise not linked to increased risk of adverse cardiac events in long QT syndrome - 2024-07-25
2024-09-30 13:33:15,064 - INFO - Processed item: Immunotherapy approach shows potential in some people with metastatic solid tumors - 2024-07-11
2024-09-30 13:33:15,064 - INFO - Processed item: Trial Establishes Preferred Treatment for Some People with Esophageal Cancer - 2024-07-09
2024-09-30 13:33:15,065 - INFO - Processed item: Experimental mRNA Vaccine Hints at Potential Against Glioblastoma - 2024-06-11
2024-09-30 13:33:15,065 - INFO - Total items processed: 5
2024-09-30 13:33:15,331 - INFO - Data saved to Firestore. Total items: 5.
2024-09-30 13:33:15,331 - INFO - Scraping completed.
2024-09-30 13:55:11,240 - INFO - Starting scrape for https://www.nih.gov/health-information/nih-clinical-research-trials-you/news
2024-09-30 13:55:12,820 - INFO - Processed item: Drug Combo JAKs Up Immunotherapy in Two Clinical Trials - 2024-08-08
2024-09-30 13:55:12,820 - INFO - Processed item: Vigorous exercise not linked to increased risk of adverse cardiac events in long QT syndrome - 2024-07-25
2024-09-30 13:55:12,821 - INFO - Processed item: Immunotherapy approach shows potential in some people with metastatic solid tumors - 2024-07-11
2024-09-30 13:55:12,821 - INFO - Processed item: Trial Establishes Preferred Treatment for Some People with Esophageal Cancer - 2024-07-09
2024-09-30 13:55:12,821 - INFO - Processed item: Experimental mRNA Vaccine Hints at Potential Against Glioblastoma - 2024-06-11
2024-09-30 13:55:12,821 - INFO - Total items processed: 5
2024-09-30 13:55:13,066 - INFO - Data saved to Firestore. Total items: 5.
2024-09-30 13:55:13,066 - INFO - Scraping completed.
2024-09-30 14:23:46,278 - INFO - Starting scrape for https://www.nih.gov/health-information/nih-clinical-research-trials-you/news
2024-09-30 14:23:46,698 - INFO - Processed item: Drug Combo JAKs Up Immunotherapy in Two Clinical Trials - 2024-08-08
2024-09-30 14:23:46,699 - INFO - Processed item: Vigorous exercise not linked to increased risk of adverse cardiac events in long QT syndrome - 2024-07-25
2024-09-30 14:23:46,699 - INFO - Processed item: Immunotherapy approach shows potential in some people with metastatic solid tumors - 2024-07-11
2024-09-30 14:23:46,699 - INFO - Processed item: Trial Establishes Preferred Treatment for Some People with Esophageal Cancer - 2024-07-09
2024-09-30 14:23:46,700 - INFO - Processed item: Experimental mRNA Vaccine Hints at Potential Against Glioblastoma - 2024-06-11
2024-09-30 14:23:46,700 - INFO - Total items processed: 5
2024-09-30 14:23:46,958 - INFO - Data saved to Firestore. Total items: 5.
2024-09-30 14:23:46,958 - INFO - Scraping completed.
2024-09-30 14:45:01,994 - INFO - Starting scrape for https://www.nih.gov/health-information/nih-clinical-research-trials-you/news
2024-09-30 14:45:02,301 - INFO - Processed item: Drug Combo JAKs Up Immunotherapy in Two Clinical Trials - 2024-08-08
2024-09-30 14:45:02,302 - INFO - Processed item: Vigorous exercise not linked to increased risk of adverse cardiac events in long QT syndrome - 2024-07-25
2024-09-30 14:45:02,304 - INFO - Processed item: Immunotherapy approach shows potential in some people with metastatic solid tumors - 2024-07-11
2024-09-30 14:45:02,305 - INFO - Processed item: Trial Establishes Preferred Treatment for Some People with Esophageal Cancer - 2024-07-09
2024-09-30 14:45:02,305 - INFO - Processed item: Experimental mRNA Vaccine Hints at Potential Against Glioblastoma - 2024-06-11
2024-09-30 14:45:02,305 - INFO - Total items processed: 5
2024-09-30 14:45:02,521 - INFO - Data saved to Firestore. Total items: 5.
2024-09-30 14:45:02,521 - INFO - Scraping completed.
