2024-08-30 00:13:43,021 - INFO - Sifted script started.
2024-08-30 00:13:44,559 - INFO - Successfully fetched data from URL.
2024-08-30 00:13:44,559 - INFO - Search phrase found and content trimmed.
2024-08-30 00:13:44,562 - INFO - No existing CSV file found. Creating new CSV.
2024-08-30 00:13:44,563 - INFO - Data saved to databases/sifted.csv
2024-08-30 00:13:44,563 - INFO - Sifted script completed.
2024-08-30 05:58:30,818 - INFO - Sifted script started.
2024-08-30 05:58:32,172 - INFO - Successfully fetched data from URL.
2024-08-30 05:58:32,172 - WARNING - Search phrase not found. Using original content.
2024-08-30 05:58:32,180 - INFO - Existing CSV file loaded.
2024-08-30 05:58:32,183 - INFO - Data saved to databases/sifted.csv
2024-08-30 05:58:32,183 - INFO - Sifted script completed.
2024-08-30 07:08:58,252 - INFO - Sifted script started.
2024-08-30 07:08:59,932 - INFO - Successfully fetched data from URL.
2024-08-30 07:08:59,933 - INFO - Search phrase found and content trimmed.
2024-08-30 07:08:59,937 - INFO - Existing CSV file loaded.
2024-08-30 07:08:59,940 - INFO - Data saved to databases/sifted.csv
2024-08-30 07:08:59,940 - INFO - Sifted script completed.
2024-08-30 07:09:22,655 - INFO - Sifted script started.
2024-08-30 07:09:24,454 - INFO - Successfully fetched data from URL.
2024-08-30 07:09:24,455 - INFO - Search phrase found and content trimmed.
2024-08-30 07:09:24,459 - INFO - No existing CSV file found. Creating new CSV.
2024-08-30 07:09:24,462 - INFO - Data saved to databases/sifted.csv
2024-08-30 07:09:24,462 - INFO - Sifted script completed.
2024-08-30 07:16:56,572 - INFO - Sifted script started.
2024-08-30 07:16:58,405 - INFO - Successfully fetched data from URL.
2024-08-30 07:16:58,406 - INFO - Search phrase found and content trimmed.
2024-08-30 07:16:58,410 - INFO - Existing CSV file loaded.
2024-08-30 07:16:58,413 - INFO - Data saved to databases/sifted.csv
2024-08-30 07:16:58,413 - INFO - Sifted script completed.
