2024-09-26 10:30:55,560 - INFO - Starting scrape for https://www.uktech.news/medtech
2024-09-26 10:30:55,805 - INFO - Successfully fetched webpage. Content length: 102460
2024-09-26 10:30:55,832 - INFO - Processed item: Virtual ward startup Doccla raises £35m - 2024-09-03 00:00:00
2024-09-26 10:30:55,832 - INFO - Processed first article
2024-09-26 10:30:55,837 - INFO - Data saved to databases/uktech_news.csv. Total items: 1.
2024-09-26 10:30:55,837 - INFO - Scraping completed.
2024-09-26 10:44:10,024 - INFO - Starting scrape for https://www.uktech.news/medtech
2024-09-26 10:44:10,329 - INFO - Successfully fetched webpage. Content length: 102460
2024-09-26 10:44:10,368 - INFO - Processed item: Virtual ward startup Doccla raises £35m - 2024-09-03 00:00:00
2024-09-26 10:44:10,368 - INFO - Processed first article
2024-09-26 10:44:10,376 - INFO - Data saved to databases/uktech_news.csv. Total items: 1.
2024-09-26 10:44:10,376 - INFO - Scraping completed.
2024-09-26 10:57:08,510 - INFO - Starting scrape for https://www.uktech.news/medtech
2024-09-26 10:57:08,924 - INFO - Successfully fetched webpage. Content length: 102460
2024-09-26 10:57:08,952 - INFO - Processed item: Virtual ward startup Doccla raises £35m - 2024-09-03 00:00:00
2024-09-26 10:57:08,952 - INFO - Processed first article
2024-09-26 10:57:08,958 - INFO - Data saved to databases/uktech_news.csv. Total items: 1.
2024-09-26 10:57:08,958 - INFO - Scraping completed.
2024-09-26 11:20:39,497 - INFO - Starting scrape for https://www.uktech.news/medtech
2024-09-26 11:20:39,593 - INFO - Successfully fetched webpage. Content length: 102460
2024-09-26 11:20:39,620 - INFO - Processed item: Virtual ward startup Doccla raises £35m - 2024-09-03 00:00:00
2024-09-26 11:20:39,620 - INFO - Processed first article
2024-09-26 11:20:39,626 - INFO - Data saved to databases/uktech_news.csv. Total items: 1.
2024-09-26 11:20:39,626 - INFO - Scraping completed.
2024-09-26 11:41:01,917 - INFO - Starting scrape for https://www.uktech.news/medtech
2024-09-26 11:41:02,126 - INFO - Successfully fetched webpage. Content length: 102477
2024-09-26 11:41:02,169 - INFO - Processed item: Virtual ward startup Doccla raises £35m - 2024-09-03 00:00:00
2024-09-26 11:41:02,169 - INFO - Processed first article
2024-09-26 11:41:02,177 - INFO - Data saved to databases/uktech_news.csv. Total items: 1.
2024-09-26 11:41:02,177 - INFO - Scraping completed.
2024-09-26 11:54:29,491 - INFO - Starting scrape for https://www.uktech.news/medtech
2024-09-26 11:54:29,631 - INFO - Successfully fetched webpage. Content length: 102477
2024-09-26 11:54:29,658 - INFO - Processed item: Virtual ward startup Doccla raises £35m - 2024-09-03 00:00:00
2024-09-26 11:54:29,658 - INFO - Processed first article
2024-09-26 11:54:29,665 - INFO - Data saved to databases/uktech_news.csv. Total items: 1.
2024-09-26 11:54:29,665 - INFO - Scraping completed.
